{"numTotalTestSuites":10,"numPassedTestSuites":10,"numFailedTestSuites":0,"numPendingTestSuites":0,"numTotalTests":40,"numPassedTests":40,"numFailedTests":0,"numPendingTests":0,"numTodoTests":0,"snapshot":{"added":0,"failure":false,"filesAdded":0,"filesRemoved":0,"filesRemovedList":[],"filesUnmatched":0,"filesUpdated":0,"matched":0,"total":0,"unchecked":0,"uncheckedKeysByFile":[],"unmatched":0,"updated":0,"didUpdate":false},"startTime":1752612414246,"success":true,"testResults":[{"assertionResults":[{"ancestorTitles":["TodoId Value Object","MongoDB ObjectId Support"],"fullName":"TodoId Value Object MongoDB ObjectId Support should create a valid todo id with MongoDB ObjectId format","status":"passed","title":"should create a valid todo id with MongoDB ObjectId format","duration":2.000238999999965,"failureMessages":[],"meta":{}},{"ancestorTitles":["TodoId Value Object","MongoDB ObjectId Support"],"fullName":"TodoId Value Object MongoDB ObjectId Support should create a valid todo id with different MongoDB ObjectId","status":"passed","title":"should create a valid todo id with different MongoDB ObjectId","duration":0.2459369999999126,"failureMessages":[],"meta":{}},{"ancestorTitles":["TodoId Value Object","MongoDB ObjectId Support"],"fullName":"TodoId Value Object MongoDB ObjectId Support should handle uppercase MongoDB ObjectId","status":"passed","title":"should handle uppercase MongoDB ObjectId","duration":0.18758899999988898,"failureMessages":[],"meta":{}},{"ancestorTitles":["TodoId Value Object","MongoDB ObjectId Support"],"fullName":"TodoId Value Object MongoDB ObjectId Support should handle mixed case MongoDB ObjectId","status":"passed","title":"should handle mixed case MongoDB ObjectId","duration":0.18425299999989875,"failureMessages":[],"meta":{}},{"ancestorTitles":["TodoId Value Object","MongoDB ObjectId Support"],"fullName":"TodoId Value Object MongoDB ObjectId Support should throw error for invalid MongoDB ObjectId - too short","status":"passed","title":"should throw error for invalid MongoDB ObjectId - too short","duration":0.9783689999999297,"failureMessages":[],"meta":{}},{"ancestorTitles":["TodoId Value Object","MongoDB ObjectId Support"],"fullName":"TodoId Value Object MongoDB ObjectId Support should throw error for invalid MongoDB ObjectId - too long","status":"passed","title":"should throw error for invalid MongoDB ObjectId - too long","duration":0.2152810000000045,"failureMessages":[],"meta":{}},{"ancestorTitles":["TodoId Value Object","MongoDB ObjectId Support"],"fullName":"TodoId Value Object MongoDB ObjectId Support should throw error for invalid MongoDB ObjectId - contains invalid characters","status":"passed","title":"should throw error for invalid MongoDB ObjectId - contains invalid characters","duration":0.22265399999992042,"failureMessages":[],"meta":{}},{"ancestorTitles":["TodoId Value Object","MongoDB ObjectId Support"],"fullName":"TodoId Value Object MongoDB ObjectId Support should support equals comparison between MongoDB ObjectIds","status":"passed","title":"should support equals comparison between MongoDB ObjectIds","duration":0.17914299999983996,"failureMessages":[],"meta":{}},{"ancestorTitles":["TodoId Value Object","MongoDB ObjectId Support"],"fullName":"TodoId Value Object MongoDB ObjectId Support should support equals comparison between different ID types","status":"passed","title":"should support equals comparison between different ID types","duration":0.11459300000001349,"failureMessages":[],"meta":{}},{"ancestorTitles":["TodoId Value Object","MongoDB ObjectId Support"],"fullName":"TodoId Value Object MongoDB ObjectId Support should support toString for MongoDB ObjectId","status":"passed","title":"should support toString for MongoDB ObjectId","duration":0.11710700000003271,"failureMessages":[],"meta":{}},{"ancestorTitles":["TodoId Value Object","MongoDB ObjectId Support"],"fullName":"TodoId Value Object MongoDB ObjectId Support should support fromString for MongoDB ObjectId","status":"passed","title":"should support fromString for MongoDB ObjectId","duration":0.17158999999992375,"failureMessages":[],"meta":{}},{"ancestorTitles":["TodoId Value Object","UUID Support (Backward Compatibility)"],"fullName":"TodoId Value Object UUID Support (Backward Compatibility) should identify UUID format correctly","status":"passed","title":"should identify UUID format correctly","duration":0.19237700000007862,"failureMessages":[],"meta":{}},{"ancestorTitles":["TodoId Value Object","UUID Support (Backward Compatibility)"],"fullName":"TodoId Value Object UUID Support (Backward Compatibility) should identify uppercase UUID format correctly","status":"passed","title":"should identify uppercase UUID format correctly","duration":0.15868499999987762,"failureMessages":[],"meta":{}},{"ancestorTitles":["TodoId Value Object","constructor"],"fullName":"TodoId Value Object constructor should create a valid todo id with valid UUID string","status":"passed","title":"should create a valid todo id with valid UUID string","duration":0.10620700000004035,"failureMessages":[],"meta":{}},{"ancestorTitles":["TodoId Value Object","constructor"],"fullName":"TodoId Value Object constructor should create a valid todo id with different UUID string","status":"passed","title":"should create a valid todo id with different UUID string","duration":0.10161900000002788,"failureMessages":[],"meta":{}},{"ancestorTitles":["TodoId Value Object","constructor"],"fullName":"TodoId Value Object constructor should throw error for empty string","status":"passed","title":"should throw error for empty string","duration":0.19285899999999856,"failureMessages":[],"meta":{}},{"ancestorTitles":["TodoId Value Object","constructor"],"fullName":"TodoId Value Object constructor should throw error for whitespace only","status":"passed","title":"should throw error for whitespace only","duration":0.20810700000015458,"failureMessages":[],"meta":{}},{"ancestorTitles":["TodoId Value Object","constructor"],"fullName":"TodoId Value Object constructor should throw error for non-string values","status":"passed","title":"should throw error for non-string values","duration":0.4336169999999129,"failureMessages":[],"meta":{}},{"ancestorTitles":["TodoId Value Object","constructor"],"fullName":"TodoId Value Object constructor should throw error for invalid UUID format - too short","status":"passed","title":"should throw error for invalid UUID format - too short","duration":0.1907539999999699,"failureMessages":[],"meta":{}},{"ancestorTitles":["TodoId Value Object","constructor"],"fullName":"TodoId Value Object constructor should throw error for invalid UUID format - too long","status":"passed","title":"should throw error for invalid UUID format - too long","duration":0.17608700000005229,"failureMessages":[],"meta":{}},{"ancestorTitles":["TodoId Value Object","constructor"],"fullName":"TodoId Value Object constructor should throw error for invalid UUID format - contains invalid characters","status":"passed","title":"should throw error for invalid UUID format - contains invalid characters","duration":0.20232599999985723,"failureMessages":[],"meta":{}},{"ancestorTitles":["TodoId Value Object","constructor"],"fullName":"TodoId Value Object constructor should throw error for UUID with dashes","status":"passed","title":"should throw error for UUID with dashes","duration":0.17326200000002245,"failureMessages":[],"meta":{}},{"ancestorTitles":["TodoId Value Object","constructor"],"fullName":"TodoId Value Object constructor should accept uppercase UUID","status":"passed","title":"should accept uppercase UUID","duration":0.10872199999994336,"failureMessages":[],"meta":{}},{"ancestorTitles":["TodoId Value Object","constructor"],"fullName":"TodoId Value Object constructor should accept mixed case UUID","status":"passed","title":"should accept mixed case UUID","duration":0.10693900000001122,"failureMessages":[],"meta":{}},{"ancestorTitles":["TodoId Value Object","equals"],"fullName":"TodoId Value Object equals should return true for identical IDs","status":"passed","title":"should return true for identical IDs","duration":0.10812099999998281,"failureMessages":[],"meta":{}},{"ancestorTitles":["TodoId Value Object","equals"],"fullName":"TodoId Value Object equals should return false for different IDs","status":"passed","title":"should return false for different IDs","duration":0.10544600000002902,"failureMessages":[],"meta":{}},{"ancestorTitles":["TodoId Value Object","equals"],"fullName":"TodoId Value Object equals should handle case sensitivity correctly","status":"passed","title":"should handle case sensitivity correctly","duration":0.10411399999998139,"failureMessages":[],"meta":{}},{"ancestorTitles":["TodoId Value Object","equals"],"fullName":"TodoId Value Object equals should handle edge case IDs correctly","status":"passed","title":"should handle edge case IDs correctly","duration":0.15525800000000345,"failureMessages":[],"meta":{}},{"ancestorTitles":["TodoId Value Object","toString"],"fullName":"TodoId Value Object toString should return the ID value as string","status":"passed","title":"should return the ID value as string","duration":0.10895200000004479,"failureMessages":[],"meta":{}},{"ancestorTitles":["TodoId Value Object","toString"],"fullName":"TodoId Value Object toString should handle numeric-looking UUIDs","status":"passed","title":"should handle numeric-looking UUIDs","duration":0.1008679999999913,"failureMessages":[],"meta":{}},{"ancestorTitles":["TodoId Value Object","toString"],"fullName":"TodoId Value Object toString should handle all-letter UUIDs","status":"passed","title":"should handle all-letter UUIDs","duration":0.09878300000013951,"failureMessages":[],"meta":{}},{"ancestorTitles":["TodoId Value Object","fromString"],"fullName":"TodoId Value Object fromString should create TodoId from valid UUID string","status":"passed","title":"should create TodoId from valid UUID string","duration":0.0997660000000451,"failureMessages":[],"meta":{}},{"ancestorTitles":["TodoId Value Object","fromString"],"fullName":"TodoId Value Object fromString should create TodoId from valid numeric UUID string","status":"passed","title":"should create TodoId from valid numeric UUID string","duration":0.10437400000000707,"failureMessages":[],"meta":{}},{"ancestorTitles":["TodoId Value Object","fromString"],"fullName":"TodoId Value Object fromString should throw error for invalid string format","status":"passed","title":"should throw error for invalid string format","duration":0.4910130000000663,"failureMessages":[],"meta":{}},{"ancestorTitles":["TodoId Value Object","fromString"],"fullName":"TodoId Value Object fromString should throw error for string with dashes","status":"passed","title":"should throw error for string with dashes","duration":0.18204799999989518,"failureMessages":[],"meta":{}},{"ancestorTitles":["TodoId Value Object","fromString"],"fullName":"TodoId Value Object fromString should throw error for string with invalid characters","status":"passed","title":"should throw error for string with invalid characters","duration":0.17279099999996106,"failureMessages":[],"meta":{}},{"ancestorTitles":["TodoId Value Object","fromString"],"fullName":"TodoId Value Object fromString should handle uppercase UUID strings","status":"passed","title":"should handle uppercase UUID strings","duration":0.10518600000000333,"failureMessages":[],"meta":{}},{"ancestorTitles":["TodoId Value Object","value object behavior"],"fullName":"TodoId Value Object value object behavior should be immutable","status":"passed","title":"should be immutable","duration":0.10106800000016847,"failureMessages":[],"meta":{}},{"ancestorTitles":["TodoId Value Object","value object behavior"],"fullName":"TodoId Value Object value object behavior should support comparison operations","status":"passed","title":"should support comparison operations","duration":0.3384990000001835,"failureMessages":[],"meta":{}},{"ancestorTitles":["TodoId Value Object","Open/Closed Principle compliance"],"fullName":"TodoId Value Object Open/Closed Principle compliance should allow adding new validators without modifying existing code","status":"passed","title":"should allow adding new validators without modifying existing code","duration":0.41556299999979274,"failureMessages":[],"meta":{}}],"startTime":1752612415383,"endTime":1752612415393.4155,"status":"passed","message":"","name":"/home/runner/work/task-app-gh/task-app-gh/src/core/domain/todo/value-objects/TodoId.spec.ts"}],"coverageMap":{"/home/runner/work/task-app-gh/task-app-gh/src/core/application/todo/services/TodoCommandService.ts":{"path":"/home/runner/work/task-app-gh/task-app-gh/src/core/application/todo/services/TodoCommandService.ts","all":false,"statementMap":{"0":{"start":{"line":1,"column":0},"end":{"line":1,"column":46}},"8":{"start":{"line":9,"column":0},"end":{"line":9,"column":57}},"16":{"start":{"line":17,"column":0},"end":{"line":17,"column":64}},"17":{"start":{"line":18,"column":0},"end":{"line":18,"column":14}},"18":{"start":{"line":19,"column":0},"end":{"line":19,"column":83}},"19":{"start":{"line":20,"column":0},"end":{"line":20,"column":83}},"20":{"start":{"line":21,"column":0},"end":{"line":21,"column":83}},"21":{"start":{"line":22,"column":0},"end":{"line":22,"column":82}},"22":{"start":{"line":23,"column":0},"end":{"line":23,"column":6}},"24":{"start":{"line":25,"column":0},"end":{"line":25,"column":57}},"25":{"start":{"line":26,"column":0},"end":{"line":26,"column":40}},"26":{"start":{"line":27,"column":0},"end":{"line":27,"column":24}},"27":{"start":{"line":28,"column":0},"end":{"line":28,"column":30}},"28":{"start":{"line":29,"column":0},"end":{"line":29,"column":27}},"29":{"start":{"line":30,"column":0},"end":{"line":30,"column":6}},"30":{"start":{"line":31,"column":0},"end":{"line":31,"column":57}},"31":{"start":{"line":32,"column":0},"end":{"line":32,"column":3}},"33":{"start":{"line":34,"column":0},"end":{"line":34,"column":72}},"34":{"start":{"line":35,"column":0},"end":{"line":35,"column":40}},"35":{"start":{"line":36,"column":0},"end":{"line":36,"column":9}},"36":{"start":{"line":37,"column":0},"end":{"line":37,"column":27}},"37":{"start":{"line":38,"column":0},"end":{"line":38,"column":35}},"38":{"start":{"line":39,"column":0},"end":{"line":39,"column":33}},"39":{"start":{"line":40,"column":0},"end":{"line":40,"column":30}},"40":{"start":{"line":41,"column":0},"end":{"line":41,"column":6}},"41":{"start":{"line":42,"column":0},"end":{"line":42,"column":57}},"42":{"start":{"line":43,"column":0},"end":{"line":43,"column":3}},"44":{"start":{"line":45,"column":0},"end":{"line":45,"column":47}},"45":{"start":{"line":46,"column":0},"end":{"line":46,"column":46}},"46":{"start":{"line":47,"column":0},"end":{"line":47,"column":57}},"47":{"start":{"line":48,"column":0},"end":{"line":48,"column":3}},"49":{"start":{"line":50,"column":0},"end":{"line":50,"column":47}},"50":{"start":{"line":51,"column":0},"end":{"line":51,"column":46}},"51":{"start":{"line":52,"column":0},"end":{"line":52,"column":57}},"52":{"start":{"line":53,"column":0},"end":{"line":53,"column":3}},"53":{"start":{"line":54,"column":0},"end":{"line":54,"column":1}}},"s":{"0":1,"8":1,"16":1,"17":1,"18":0,"19":0,"20":0,"21":0,"22":0,"24":1,"25":0,"26":0,"27":0,"28":0,"29":0,"30":0,"31":0,"33":1,"34":0,"35":0,"36":0,"37":0,"38":0,"39":0,"40":0,"41":0,"42":0,"44":1,"45":0,"46":0,"47":0,"49":1,"50":0,"51":0,"52":0,"53":1},"branchMap":{},"b":{},"fnMap":{"0":{"name":"createTodo","decl":{"start":{"line":25,"column":2},"end":{"line":32,"column":3}},"loc":{"start":{"line":25,"column":2},"end":{"line":32,"column":3}},"line":25},"1":{"name":"updateTodo","decl":{"start":{"line":34,"column":2},"end":{"line":43,"column":3}},"loc":{"start":{"line":34,"column":2},"end":{"line":43,"column":3}},"line":34},"2":{"name":"deleteTodo","decl":{"start":{"line":45,"column":2},"end":{"line":48,"column":3}},"loc":{"start":{"line":45,"column":2},"end":{"line":48,"column":3}},"line":45},"3":{"name":"toggleTodo","decl":{"start":{"line":50,"column":2},"end":{"line":53,"column":3}},"loc":{"start":{"line":50,"column":2},"end":{"line":53,"column":3}},"line":50},"4":{"name":"TodoCommandService","decl":{"start":{"line":18,"column":2},"end":{"line":23,"column":6}},"loc":{"start":{"line":18,"column":2},"end":{"line":23,"column":6}},"line":18}},"f":{"0":0,"1":0,"2":0,"3":0,"4":0}},"/home/runner/work/task-app-gh/task-app-gh/src/core/application/todo/services/TodoQueryService.ts":{"path":"/home/runner/work/task-app-gh/task-app-gh/src/core/application/todo/services/TodoQueryService.ts","all":false,"statementMap":{"0":{"start":{"line":1,"column":0},"end":{"line":1,"column":46}},"13":{"start":{"line":14,"column":0},"end":{"line":14,"column":57}},"21":{"start":{"line":22,"column":0},"end":{"line":22,"column":60}},"22":{"start":{"line":23,"column":0},"end":{"line":23,"column":14}},"23":{"start":{"line":24,"column":0},"end":{"line":24,"column":96}},"24":{"start":{"line":25,"column":0},"end":{"line":25,"column":111}},"25":{"start":{"line":26,"column":0},"end":{"line":26,"column":99}},"26":{"start":{"line":27,"column":0},"end":{"line":27,"column":95}},"27":{"start":{"line":28,"column":0},"end":{"line":28,"column":6}},"29":{"start":{"line":30,"column":0},"end":{"line":30,"column":40}},"30":{"start":{"line":31,"column":0},"end":{"line":31,"column":50}},"31":{"start":{"line":32,"column":0},"end":{"line":32,"column":3}},"33":{"start":{"line":34,"column":0},"end":{"line":34,"column":43}},"34":{"start":{"line":35,"column":0},"end":{"line":35,"column":71}},"35":{"start":{"line":36,"column":0},"end":{"line":36,"column":60}},"36":{"start":{"line":37,"column":0},"end":{"line":37,"column":3}},"38":{"start":{"line":39,"column":0},"end":{"line":39,"column":46}},"39":{"start":{"line":40,"column":0},"end":{"line":40,"column":74}},"40":{"start":{"line":41,"column":0},"end":{"line":41,"column":60}},"41":{"start":{"line":42,"column":0},"end":{"line":42,"column":3}},"43":{"start":{"line":44,"column":0},"end":{"line":44,"column":55}},"44":{"start":{"line":45,"column":0},"end":{"line":45,"column":43}},"45":{"start":{"line":46,"column":0},"end":{"line":46,"column":55}},"46":{"start":{"line":47,"column":0},"end":{"line":47,"column":3}},"48":{"start":{"line":49,"column":0},"end":{"line":49,"column":25}},"49":{"start":{"line":50,"column":0},"end":{"line":50,"column":43}},"50":{"start":{"line":51,"column":0},"end":{"line":51,"column":49}},"51":{"start":{"line":52,"column":0},"end":{"line":52,"column":22}},"52":{"start":{"line":53,"column":0},"end":{"line":53,"column":60}},"53":{"start":{"line":54,"column":0},"end":{"line":54,"column":60}},"54":{"start":{"line":55,"column":0},"end":{"line":55,"column":3}},"56":{"start":{"line":57,"column":0},"end":{"line":57,"column":87}},"57":{"start":{"line":58,"column":0},"end":{"line":58,"column":58}},"59":{"start":{"line":60,"column":0},"end":{"line":60,"column":59}},"60":{"start":{"line":61,"column":0},"end":{"line":61,"column":12}},"61":{"start":{"line":62,"column":0},"end":{"line":62,"column":25}},"62":{"start":{"line":63,"column":0},"end":{"line":63,"column":27}},"63":{"start":{"line":64,"column":0},"end":{"line":64,"column":32}},"64":{"start":{"line":65,"column":0},"end":{"line":65,"column":6}},"65":{"start":{"line":66,"column":0},"end":{"line":66,"column":3}},"66":{"start":{"line":67,"column":0},"end":{"line":67,"column":1}}},"s":{"0":1,"13":1,"21":1,"22":1,"23":0,"24":0,"25":0,"26":0,"27":0,"29":1,"30":0,"31":0,"33":1,"34":0,"35":0,"36":0,"38":1,"39":0,"40":0,"41":0,"43":1,"44":0,"45":0,"46":0,"48":1,"49":0,"50":0,"51":0,"52":0,"53":0,"54":0,"56":1,"57":0,"59":0,"60":0,"61":0,"62":0,"63":0,"64":0,"65":0,"66":1},"branchMap":{},"b":{},"fnMap":{"0":{"name":"getAllTodos","decl":{"start":{"line":30,"column":2},"end":{"line":32,"column":3}},"loc":{"start":{"line":30,"column":2},"end":{"line":32,"column":3}},"line":30},"1":{"name":"getActiveTodos","decl":{"start":{"line":34,"column":2},"end":{"line":37,"column":3}},"loc":{"start":{"line":34,"column":2},"end":{"line":37,"column":3}},"line":34},"2":{"name":"getCompletedTodos","decl":{"start":{"line":39,"column":2},"end":{"line":42,"column":3}},"loc":{"start":{"line":39,"column":2},"end":{"line":42,"column":3}},"line":39},"3":{"name":"getTodoById","decl":{"start":{"line":44,"column":2},"end":{"line":47,"column":3}},"loc":{"start":{"line":44,"column":2},"end":{"line":47,"column":3}},"line":44},"4":{"name":"getFilteredTodos","decl":{"start":{"line":49,"column":2},"end":{"line":55,"column":3}},"loc":{"start":{"line":49,"column":2},"end":{"line":55,"column":3}},"line":49},"5":{"name":"getTodoStats","decl":{"start":{"line":57,"column":2},"end":{"line":66,"column":3}},"loc":{"start":{"line":57,"column":2},"end":{"line":66,"column":3}},"line":57},"6":{"name":"TodoQueryService","decl":{"start":{"line":23,"column":2},"end":{"line":28,"column":6}},"loc":{"start":{"line":23,"column":2},"end":{"line":28,"column":6}},"line":23}},"f":{"0":0,"1":0,"2":0,"3":0,"4":0,"5":0,"6":0}},"/home/runner/work/task-app-gh/task-app-gh/src/core/application/todo/use-cases/commands/CreateTodoUseCase.ts":{"path":"/home/runner/work/task-app-gh/task-app-gh/src/core/application/todo/use-cases/commands/CreateTodoUseCase.ts","all":false,"statementMap":{"0":{"start":{"line":1,"column":0},"end":{"line":1,"column":46}},"1":{"start":{"line":2,"column":0},"end":{"line":2,"column":56}},"2":{"start":{"line":3,"column":0},"end":{"line":3,"column":71}},"5":{"start":{"line":6,"column":0},"end":{"line":6,"column":57}},"12":{"start":{"line":13,"column":0},"end":{"line":13,"column":32}},"13":{"start":{"line":14,"column":0},"end":{"line":14,"column":14}},"14":{"start":{"line":15,"column":0},"end":{"line":15,"column":74}},"15":{"start":{"line":16,"column":0},"end":{"line":16,"column":6}},"17":{"start":{"line":18,"column":0},"end":{"line":18,"column":60}},"18":{"start":{"line":19,"column":0},"end":{"line":19,"column":63}},"19":{"start":{"line":20,"column":0},"end":{"line":20,"column":47}},"21":{"start":{"line":22,"column":0},"end":{"line":22,"column":43}},"22":{"start":{"line":23,"column":0},"end":{"line":23,"column":26}},"23":{"start":{"line":24,"column":0},"end":{"line":24,"column":12}},"24":{"start":{"line":25,"column":0},"end":{"line":25,"column":47}},"25":{"start":{"line":26,"column":0},"end":{"line":26,"column":17}},"26":{"start":{"line":27,"column":0},"end":{"line":27,"column":29}},"27":{"start":{"line":28,"column":0},"end":{"line":28,"column":35}},"28":{"start":{"line":29,"column":0},"end":{"line":29,"column":21}},"31":{"start":{"line":32,"column":0},"end":{"line":32,"column":35}},"32":{"start":{"line":33,"column":0},"end":{"line":33,"column":20}},"34":{"start":{"line":35,"column":0},"end":{"line":35,"column":31}},"35":{"start":{"line":36,"column":0},"end":{"line":36,"column":54}},"37":{"start":{"line":38,"column":0},"end":{"line":38,"column":38}},"38":{"start":{"line":39,"column":0},"end":{"line":39,"column":20}},"39":{"start":{"line":40,"column":0},"end":{"line":40,"column":12}},"40":{"start":{"line":41,"column":0},"end":{"line":41,"column":21}},"41":{"start":{"line":42,"column":0},"end":{"line":42,"column":21}},"42":{"start":{"line":43,"column":0},"end":{"line":43,"column":9}},"43":{"start":{"line":44,"column":0},"end":{"line":44,"column":26}},"44":{"start":{"line":45,"column":0},"end":{"line":45,"column":18}},"46":{"start":{"line":47,"column":0},"end":{"line":47,"column":3}},"47":{"start":{"line":48,"column":0},"end":{"line":48,"column":1}}},"s":{"0":1,"1":1,"2":1,"5":1,"12":1,"13":1,"14":0,"15":0,"17":1,"18":0,"19":0,"21":0,"22":0,"23":0,"24":0,"25":0,"26":0,"27":0,"28":0,"31":0,"32":0,"34":0,"35":0,"37":0,"38":0,"39":0,"40":0,"41":0,"42":0,"43":0,"44":0,"46":0,"47":1},"branchMap":{},"b":{},"fnMap":{"0":{"name":"execute","decl":{"start":{"line":18,"column":2},"end":{"line":47,"column":3}},"loc":{"start":{"line":18,"column":2},"end":{"line":47,"column":3}},"line":18},"1":{"name":"CreateTodoUseCase","decl":{"start":{"line":14,"column":2},"end":{"line":16,"column":6}},"loc":{"start":{"line":14,"column":2},"end":{"line":16,"column":6}},"line":14}},"f":{"0":0,"1":0}},"/home/runner/work/task-app-gh/task-app-gh/src/core/application/todo/use-cases/commands/DeleteTodoUseCase.ts":{"path":"/home/runner/work/task-app-gh/task-app-gh/src/core/application/todo/use-cases/commands/DeleteTodoUseCase.ts","all":false,"statementMap":{"0":{"start":{"line":1,"column":0},"end":{"line":1,"column":46}},"3":{"start":{"line":4,"column":0},"end":{"line":4,"column":57}},"10":{"start":{"line":11,"column":0},"end":{"line":11,"column":32}},"11":{"start":{"line":12,"column":0},"end":{"line":12,"column":14}},"12":{"start":{"line":13,"column":0},"end":{"line":13,"column":74}},"13":{"start":{"line":14,"column":0},"end":{"line":14,"column":6}},"15":{"start":{"line":16,"column":0},"end":{"line":16,"column":60}},"16":{"start":{"line":17,"column":0},"end":{"line":17,"column":59}},"17":{"start":{"line":18,"column":0},"end":{"line":18,"column":71}},"18":{"start":{"line":19,"column":0},"end":{"line":19,"column":24}},"19":{"start":{"line":20,"column":0},"end":{"line":20,"column":40}},"20":{"start":{"line":21,"column":0},"end":{"line":21,"column":5}},"22":{"start":{"line":23,"column":0},"end":{"line":23,"column":53}},"23":{"start":{"line":24,"column":0},"end":{"line":24,"column":26}},"24":{"start":{"line":25,"column":0},"end":{"line":25,"column":27}},"25":{"start":{"line":26,"column":0},"end":{"line":26,"column":27}},"26":{"start":{"line":27,"column":0},"end":{"line":27,"column":48}},"27":{"start":{"line":28,"column":0},"end":{"line":28,"column":27}},"29":{"start":{"line":30,"column":0},"end":{"line":30,"column":49}},"30":{"start":{"line":31,"column":0},"end":{"line":31,"column":3}},"31":{"start":{"line":32,"column":0},"end":{"line":32,"column":1}}},"s":{"0":1,"3":1,"10":1,"11":1,"12":0,"13":0,"15":1,"16":0,"17":0,"18":0,"19":0,"20":0,"22":0,"23":0,"24":0,"25":0,"26":0,"27":0,"29":0,"30":0,"31":1},"branchMap":{},"b":{},"fnMap":{"0":{"name":"execute","decl":{"start":{"line":16,"column":2},"end":{"line":31,"column":3}},"loc":{"start":{"line":16,"column":2},"end":{"line":31,"column":3}},"line":16},"1":{"name":"DeleteTodoUseCase","decl":{"start":{"line":12,"column":2},"end":{"line":14,"column":6}},"loc":{"start":{"line":12,"column":2},"end":{"line":14,"column":6}},"line":12}},"f":{"0":0,"1":0}},"/home/runner/work/task-app-gh/task-app-gh/src/core/application/todo/use-cases/commands/ToggleTodoUseCase.ts":{"path":"/home/runner/work/task-app-gh/task-app-gh/src/core/application/todo/use-cases/commands/ToggleTodoUseCase.ts","all":false,"statementMap":{"0":{"start":{"line":1,"column":0},"end":{"line":1,"column":46}},"5":{"start":{"line":6,"column":0},"end":{"line":6,"column":57}},"12":{"start":{"line":13,"column":0},"end":{"line":13,"column":32}},"13":{"start":{"line":14,"column":0},"end":{"line":14,"column":14}},"14":{"start":{"line":15,"column":0},"end":{"line":15,"column":75}},"15":{"start":{"line":16,"column":0},"end":{"line":16,"column":82}},"16":{"start":{"line":17,"column":0},"end":{"line":17,"column":6}},"18":{"start":{"line":19,"column":0},"end":{"line":19,"column":60}},"19":{"start":{"line":20,"column":0},"end":{"line":20,"column":43}},"20":{"start":{"line":21,"column":0},"end":{"line":21,"column":71}},"21":{"start":{"line":22,"column":0},"end":{"line":22,"column":24}},"22":{"start":{"line":23,"column":0},"end":{"line":23,"column":40}},"23":{"start":{"line":24,"column":0},"end":{"line":24,"column":5}},"25":{"start":{"line":26,"column":0},"end":{"line":26,"column":53}},"26":{"start":{"line":27,"column":0},"end":{"line":27,"column":26}},"27":{"start":{"line":28,"column":0},"end":{"line":28,"column":29}},"28":{"start":{"line":29,"column":0},"end":{"line":29,"column":27}},"29":{"start":{"line":30,"column":0},"end":{"line":30,"column":36}},"30":{"start":{"line":31,"column":0},"end":{"line":31,"column":69}},"31":{"start":{"line":32,"column":0},"end":{"line":32,"column":49}},"33":{"start":{"line":34,"column":0},"end":{"line":34,"column":52}},"34":{"start":{"line":35,"column":0},"end":{"line":35,"column":27}},"35":{"start":{"line":36,"column":0},"end":{"line":36,"column":21}},"36":{"start":{"line":37,"column":0},"end":{"line":37,"column":40}},"37":{"start":{"line":38,"column":0},"end":{"line":38,"column":6}},"39":{"start":{"line":40,"column":0},"end":{"line":40,"column":63}},"40":{"start":{"line":41,"column":0},"end":{"line":41,"column":3}},"41":{"start":{"line":42,"column":0},"end":{"line":42,"column":1}}},"s":{"0":1,"5":1,"12":1,"13":1,"14":0,"15":0,"16":0,"18":1,"19":0,"20":0,"21":0,"22":0,"23":0,"25":0,"26":0,"27":0,"28":0,"29":0,"30":0,"31":0,"33":0,"34":0,"35":0,"36":0,"37":0,"39":0,"40":0,"41":1},"branchMap":{},"b":{},"fnMap":{"0":{"name":"execute","decl":{"start":{"line":19,"column":2},"end":{"line":41,"column":3}},"loc":{"start":{"line":19,"column":2},"end":{"line":41,"column":3}},"line":19},"1":{"name":"ToggleTodoUseCase","decl":{"start":{"line":14,"column":2},"end":{"line":17,"column":6}},"loc":{"start":{"line":14,"column":2},"end":{"line":17,"column":6}},"line":14}},"f":{"0":0,"1":0}},"/home/runner/work/task-app-gh/task-app-gh/src/core/application/todo/use-cases/commands/UpdateTodoUseCase.ts":{"path":"/home/runner/work/task-app-gh/task-app-gh/src/core/application/todo/use-cases/commands/UpdateTodoUseCase.ts","all":false,"statementMap":{"0":{"start":{"line":1,"column":0},"end":{"line":1,"column":46}},"4":{"start":{"line":5,"column":0},"end":{"line":5,"column":57}},"11":{"start":{"line":12,"column":0},"end":{"line":12,"column":32}},"12":{"start":{"line":13,"column":0},"end":{"line":13,"column":14}},"13":{"start":{"line":14,"column":0},"end":{"line":14,"column":74}},"14":{"start":{"line":15,"column":0},"end":{"line":15,"column":6}},"16":{"start":{"line":17,"column":0},"end":{"line":17,"column":60}},"17":{"start":{"line":18,"column":0},"end":{"line":18,"column":24}},"18":{"start":{"line":19,"column":0},"end":{"line":19,"column":71}},"19":{"start":{"line":20,"column":0},"end":{"line":20,"column":24}},"20":{"start":{"line":21,"column":0},"end":{"line":21,"column":40}},"21":{"start":{"line":22,"column":0},"end":{"line":22,"column":5}},"23":{"start":{"line":24,"column":0},"end":{"line":24,"column":47}},"24":{"start":{"line":25,"column":0},"end":{"line":25,"column":35}},"26":{"start":{"line":27,"column":0},"end":{"line":27,"column":38}},"27":{"start":{"line":28,"column":0},"end":{"line":28,"column":59}},"28":{"start":{"line":29,"column":0},"end":{"line":29,"column":5}},"30":{"start":{"line":31,"column":0},"end":{"line":31,"column":41}},"31":{"start":{"line":32,"column":0},"end":{"line":32,"column":65}},"32":{"start":{"line":33,"column":0},"end":{"line":33,"column":5}},"34":{"start":{"line":35,"column":0},"end":{"line":35,"column":42}},"35":{"start":{"line":36,"column":0},"end":{"line":36,"column":56}},"36":{"start":{"line":37,"column":0},"end":{"line":37,"column":43}},"37":{"start":{"line":38,"column":0},"end":{"line":38,"column":45}},"38":{"start":{"line":39,"column":0},"end":{"line":39,"column":63}},"39":{"start":{"line":40,"column":0},"end":{"line":40,"column":36}},"40":{"start":{"line":41,"column":0},"end":{"line":41,"column":43}},"41":{"start":{"line":42,"column":0},"end":{"line":42,"column":7}},"42":{"start":{"line":43,"column":0},"end":{"line":43,"column":5}},"44":{"start":{"line":45,"column":0},"end":{"line":45,"column":40}},"45":{"start":{"line":46,"column":0},"end":{"line":46,"column":63}},"46":{"start":{"line":47,"column":0},"end":{"line":47,"column":5}},"48":{"start":{"line":49,"column":0},"end":{"line":49,"column":53}},"49":{"start":{"line":50,"column":0},"end":{"line":50,"column":27}},"51":{"start":{"line":52,"column":0},"end":{"line":52,"column":22}},"52":{"start":{"line":53,"column":0},"end":{"line":53,"column":50}},"53":{"start":{"line":54,"column":0},"end":{"line":54,"column":31}},"54":{"start":{"line":55,"column":0},"end":{"line":55,"column":39}},"55":{"start":{"line":56,"column":0},"end":{"line":56,"column":37}},"56":{"start":{"line":57,"column":0},"end":{"line":57,"column":34}},"57":{"start":{"line":58,"column":0},"end":{"line":58,"column":7}},"59":{"start":{"line":60,"column":0},"end":{"line":60,"column":23}},"60":{"start":{"line":61,"column":0},"end":{"line":61,"column":3}},"61":{"start":{"line":62,"column":0},"end":{"line":62,"column":1}}},"s":{"0":1,"4":1,"11":1,"12":1,"13":0,"14":0,"16":1,"17":0,"18":0,"19":0,"20":0,"21":0,"23":0,"24":0,"26":0,"27":0,"28":0,"30":0,"31":0,"32":0,"34":0,"35":0,"36":0,"37":0,"38":0,"39":0,"40":0,"41":0,"42":0,"44":0,"45":0,"46":0,"48":0,"49":0,"51":0,"52":0,"53":0,"54":0,"55":0,"56":0,"57":0,"59":0,"60":0,"61":1},"branchMap":{},"b":{},"fnMap":{"0":{"name":"execute","decl":{"start":{"line":17,"column":2},"end":{"line":61,"column":3}},"loc":{"start":{"line":17,"column":2},"end":{"line":61,"column":3}},"line":17},"1":{"name":"UpdateTodoUseCase","decl":{"start":{"line":13,"column":2},"end":{"line":15,"column":6}},"loc":{"start":{"line":13,"column":2},"end":{"line":15,"column":6}},"line":13}},"f":{"0":0,"1":0}},"/home/runner/work/task-app-gh/task-app-gh/src/core/application/todo/use-cases/queries/TodoQueryHandlers.ts":{"path":"/home/runner/work/task-app-gh/task-app-gh/src/core/application/todo/use-cases/queries/TodoQueryHandlers.ts","all":false,"statementMap":{"0":{"start":{"line":1,"column":0},"end":{"line":1,"column":46}},"2":{"start":{"line":3,"column":0},"end":{"line":3,"column":82}},"3":{"start":{"line":4,"column":0},"end":{"line":4,"column":9}},"15":{"start":{"line":16,"column":0},"end":{"line":16,"column":57}},"21":{"start":{"line":22,"column":0},"end":{"line":22,"column":38}},"22":{"start":{"line":23,"column":0},"end":{"line":23,"column":14}},"23":{"start":{"line":24,"column":0},"end":{"line":24,"column":74}},"24":{"start":{"line":25,"column":0},"end":{"line":25,"column":6}},"26":{"start":{"line":27,"column":0},"end":{"line":27,"column":35}},"27":{"start":{"line":28,"column":0},"end":{"line":28,"column":46}},"28":{"start":{"line":29,"column":0},"end":{"line":29,"column":3}},"29":{"start":{"line":30,"column":0},"end":{"line":30,"column":1}},"35":{"start":{"line":36,"column":0},"end":{"line":36,"column":43}},"36":{"start":{"line":37,"column":0},"end":{"line":37,"column":14}},"37":{"start":{"line":38,"column":0},"end":{"line":38,"column":74}},"38":{"start":{"line":39,"column":0},"end":{"line":39,"column":6}},"40":{"start":{"line":41,"column":0},"end":{"line":41,"column":63}},"41":{"start":{"line":42,"column":0},"end":{"line":42,"column":56}},"43":{"start":{"line":44,"column":0},"end":{"line":44,"column":40}},"44":{"start":{"line":45,"column":0},"end":{"line":45,"column":30}},"46":{"start":{"line":47,"column":0},"end":{"line":47,"column":27}},"47":{"start":{"line":48,"column":0},"end":{"line":48,"column":22}},"48":{"start":{"line":49,"column":0},"end":{"line":49,"column":57}},"49":{"start":{"line":50,"column":0},"end":{"line":50,"column":80}},"50":{"start":{"line":51,"column":0},"end":{"line":51,"column":14}},"51":{"start":{"line":52,"column":0},"end":{"line":52,"column":7}},"52":{"start":{"line":53,"column":0},"end":{"line":53,"column":25}},"53":{"start":{"line":54,"column":0},"end":{"line":54,"column":63}},"54":{"start":{"line":55,"column":0},"end":{"line":55,"column":83}},"55":{"start":{"line":56,"column":0},"end":{"line":56,"column":14}},"56":{"start":{"line":57,"column":0},"end":{"line":57,"column":7}},"57":{"start":{"line":58,"column":0},"end":{"line":58,"column":14}},"58":{"start":{"line":59,"column":0},"end":{"line":59,"column":33}},"59":{"start":{"line":60,"column":0},"end":{"line":60,"column":5}},"61":{"start":{"line":62,"column":0},"end":{"line":62,"column":41}},"62":{"start":{"line":63,"column":0},"end":{"line":63,"column":68}},"63":{"start":{"line":64,"column":0},"end":{"line":64,"column":70}},"64":{"start":{"line":65,"column":0},"end":{"line":65,"column":39}},"65":{"start":{"line":66,"column":0},"end":{"line":66,"column":32}},"66":{"start":{"line":67,"column":0},"end":{"line":67,"column":7}},"67":{"start":{"line":68,"column":0},"end":{"line":68,"column":46}},"68":{"start":{"line":69,"column":0},"end":{"line":69,"column":36}},"69":{"start":{"line":70,"column":0},"end":{"line":70,"column":77}},"70":{"start":{"line":71,"column":0},"end":{"line":71,"column":77}},"71":{"start":{"line":72,"column":0},"end":{"line":72,"column":9}},"72":{"start":{"line":73,"column":0},"end":{"line":73,"column":5}},"74":{"start":{"line":75,"column":0},"end":{"line":75,"column":25}},"75":{"start":{"line":76,"column":0},"end":{"line":76,"column":3}},"76":{"start":{"line":77,"column":0},"end":{"line":77,"column":1}},"82":{"start":{"line":83,"column":0},"end":{"line":83,"column":39}},"83":{"start":{"line":84,"column":0},"end":{"line":84,"column":14}},"84":{"start":{"line":85,"column":0},"end":{"line":85,"column":74}},"85":{"start":{"line":86,"column":0},"end":{"line":86,"column":6}},"87":{"start":{"line":88,"column":0},"end":{"line":88,"column":49}},"88":{"start":{"line":89,"column":0},"end":{"line":89,"column":56}},"90":{"start":{"line":91,"column":0},"end":{"line":91,"column":53}},"91":{"start":{"line":92,"column":0},"end":{"line":92,"column":59}},"92":{"start":{"line":93,"column":0},"end":{"line":93,"column":55}},"93":{"start":{"line":94,"column":0},"end":{"line":94,"column":65}},"95":{"start":{"line":96,"column":0},"end":{"line":96,"column":12}},"96":{"start":{"line":97,"column":0},"end":{"line":97,"column":29}},"97":{"start":{"line":98,"column":0},"end":{"line":98,"column":77}},"98":{"start":{"line":99,"column":0},"end":{"line":99,"column":83}},"99":{"start":{"line":100,"column":0},"end":{"line":100,"column":79}},"100":{"start":{"line":101,"column":0},"end":{"line":101,"column":89}},"101":{"start":{"line":102,"column":0},"end":{"line":102,"column":6}},"102":{"start":{"line":103,"column":0},"end":{"line":103,"column":3}},"103":{"start":{"line":104,"column":0},"end":{"line":104,"column":1}},"109":{"start":{"line":110,"column":0},"end":{"line":110,"column":38}},"110":{"start":{"line":111,"column":0},"end":{"line":111,"column":14}},"111":{"start":{"line":112,"column":0},"end":{"line":112,"column":74}},"112":{"start":{"line":113,"column":0},"end":{"line":113,"column":6}},"114":{"start":{"line":115,"column":0},"end":{"line":115,"column":63}},"115":{"start":{"line":116,"column":0},"end":{"line":116,"column":61}},"116":{"start":{"line":117,"column":0},"end":{"line":117,"column":24}},"117":{"start":{"line":118,"column":0},"end":{"line":118,"column":3}},"118":{"start":{"line":119,"column":0},"end":{"line":119,"column":1}}},"s":{"0":1,"2":1,"3":1,"15":1,"21":1,"22":1,"23":0,"24":0,"26":1,"27":0,"28":0,"29":1,"35":1,"36":1,"37":0,"38":0,"40":1,"41":0,"43":0,"44":0,"46":0,"47":0,"48":0,"49":0,"50":0,"51":0,"52":0,"53":0,"54":0,"55":0,"56":0,"57":0,"58":0,"59":0,"61":0,"62":0,"63":0,"64":0,"65":0,"66":0,"67":0,"68":0,"69":0,"70":0,"71":0,"72":0,"74":0,"75":0,"76":1,"82":1,"83":1,"84":0,"85":0,"87":1,"88":0,"90":0,"91":0,"92":0,"93":0,"95":0,"96":0,"97":0,"98":0,"99":0,"100":0,"101":0,"102":0,"103":1,"109":1,"110":1,"111":0,"112":0,"114":1,"115":0,"116":0,"117":0,"118":1},"branchMap":{},"b":{},"fnMap":{"0":{"name":"handle","decl":{"start":{"line":27,"column":2},"end":{"line":29,"column":3}},"loc":{"start":{"line":27,"column":2},"end":{"line":29,"column":3}},"line":27},"1":{"name":"GetAllTodosQueryHandler","decl":{"start":{"line":23,"column":2},"end":{"line":25,"column":6}},"loc":{"start":{"line":23,"column":2},"end":{"line":25,"column":6}},"line":23},"2":{"name":"handle","decl":{"start":{"line":41,"column":2},"end":{"line":76,"column":3}},"loc":{"start":{"line":41,"column":2},"end":{"line":76,"column":3}},"line":41},"3":{"name":"GetFilteredTodosQueryHandler","decl":{"start":{"line":37,"column":2},"end":{"line":39,"column":6}},"loc":{"start":{"line":37,"column":2},"end":{"line":39,"column":6}},"line":37},"4":{"name":"handle","decl":{"start":{"line":88,"column":2},"end":{"line":103,"column":3}},"loc":{"start":{"line":88,"column":2},"end":{"line":103,"column":3}},"line":88},"5":{"name":"GetTodoStatsQueryHandler","decl":{"start":{"line":84,"column":2},"end":{"line":86,"column":6}},"loc":{"start":{"line":84,"column":2},"end":{"line":86,"column":6}},"line":84},"6":{"name":"handle","decl":{"start":{"line":115,"column":2},"end":{"line":118,"column":3}},"loc":{"start":{"line":115,"column":2},"end":{"line":118,"column":3}},"line":115},"7":{"name":"GetTodoByIdQueryHandler","decl":{"start":{"line":111,"column":2},"end":{"line":113,"column":6}},"loc":{"start":{"line":111,"column":2},"end":{"line":113,"column":6}},"line":111}},"f":{"0":0,"1":0,"2":0,"3":0,"4":0,"5":0,"6":0,"7":0}},"/home/runner/work/task-app-gh/task-app-gh/src/core/domain/todo/entities/Todo.ts":{"path":"/home/runner/work/task-app-gh/task-app-gh/src/core/domain/todo/entities/Todo.ts","all":false,"statementMap":{"0":{"start":{"line":1,"column":0},"end":{"line":1,"column":71}},"1":{"start":{"line":2,"column":0},"end":{"line":2,"column":101}},"2":{"start":{"line":3,"column":0},"end":{"line":3,"column":65}},"3":{"start":{"line":4,"column":0},"end":{"line":4,"column":95}},"14":{"start":{"line":15,"column":0},"end":{"line":15,"column":36}},"15":{"start":{"line":16,"column":0},"end":{"line":16,"column":37}},"16":{"start":{"line":17,"column":0},"end":{"line":17,"column":43}},"17":{"start":{"line":18,"column":0},"end":{"line":18,"column":32}},"18":{"start":{"line":19,"column":0},"end":{"line":19,"column":39}},"19":{"start":{"line":20,"column":0},"end":{"line":20,"column":36}},"20":{"start":{"line":21,"column":0},"end":{"line":21,"column":35}},"22":{"start":{"line":23,"column":0},"end":{"line":23,"column":14}},"23":{"start":{"line":24,"column":0},"end":{"line":24,"column":30}},"24":{"start":{"line":25,"column":0},"end":{"line":25,"column":22}},"25":{"start":{"line":26,"column":0},"end":{"line":26,"column":27}},"26":{"start":{"line":27,"column":0},"end":{"line":27,"column":25}},"27":{"start":{"line":28,"column":0},"end":{"line":28,"column":43}},"28":{"start":{"line":29,"column":0},"end":{"line":29,"column":18}},"29":{"start":{"line":30,"column":0},"end":{"line":30,"column":5}},"30":{"start":{"line":31,"column":0},"end":{"line":31,"column":76}},"31":{"start":{"line":32,"column":0},"end":{"line":32,"column":48}},"32":{"start":{"line":33,"column":0},"end":{"line":33,"column":77}},"33":{"start":{"line":34,"column":0},"end":{"line":34,"column":32}},"34":{"start":{"line":35,"column":0},"end":{"line":35,"column":32}},"35":{"start":{"line":36,"column":0},"end":{"line":36,"column":28}},"36":{"start":{"line":37,"column":0},"end":{"line":37,"column":3}},"38":{"start":{"line":39,"column":0},"end":{"line":39,"column":32}},"39":{"start":{"line":40,"column":0},"end":{"line":40,"column":20}},"40":{"start":{"line":41,"column":0},"end":{"line":41,"column":3}},"42":{"start":{"line":43,"column":0},"end":{"line":43,"column":26}},"43":{"start":{"line":44,"column":0},"end":{"line":44,"column":23}},"44":{"start":{"line":45,"column":0},"end":{"line":45,"column":3}},"46":{"start":{"line":47,"column":0},"end":{"line":47,"column":32}},"47":{"start":{"line":48,"column":0},"end":{"line":48,"column":26}},"48":{"start":{"line":49,"column":0},"end":{"line":49,"column":3}},"50":{"start":{"line":51,"column":0},"end":{"line":51,"column":28}},"51":{"start":{"line":52,"column":0},"end":{"line":52,"column":27}},"52":{"start":{"line":53,"column":0},"end":{"line":53,"column":3}},"54":{"start":{"line":55,"column":0},"end":{"line":55,"column":25}},"55":{"start":{"line":56,"column":0},"end":{"line":56,"column":27}},"56":{"start":{"line":57,"column":0},"end":{"line":57,"column":3}},"58":{"start":{"line":59,"column":0},"end":{"line":59,"column":35}},"59":{"start":{"line":60,"column":0},"end":{"line":60,"column":25}},"60":{"start":{"line":61,"column":0},"end":{"line":61,"column":3}},"62":{"start":{"line":63,"column":0},"end":{"line":63,"column":74}},"63":{"start":{"line":64,"column":0},"end":{"line":64,"column":38}},"64":{"start":{"line":65,"column":0},"end":{"line":65,"column":27}},"65":{"start":{"line":66,"column":0},"end":{"line":66,"column":3}},"67":{"start":{"line":68,"column":0},"end":{"line":68,"column":37}},"68":{"start":{"line":69,"column":0},"end":{"line":69,"column":39}},"69":{"start":{"line":70,"column":0},"end":{"line":70,"column":27}},"70":{"start":{"line":71,"column":0},"end":{"line":71,"column":3}},"72":{"start":{"line":73,"column":0},"end":{"line":73,"column":28}},"73":{"start":{"line":74,"column":0},"end":{"line":74,"column":29}},"74":{"start":{"line":75,"column":0},"end":{"line":75,"column":3}},"76":{"start":{"line":77,"column":0},"end":{"line":77,"column":34}},"77":{"start":{"line":78,"column":0},"end":{"line":78,"column":18}},"78":{"start":{"line":79,"column":0},"end":{"line":79,"column":60}},"79":{"start":{"line":80,"column":0},"end":{"line":80,"column":3}},"81":{"start":{"line":82,"column":0},"end":{"line":82,"column":51}},"82":{"start":{"line":83,"column":0},"end":{"line":83,"column":85}},"83":{"start":{"line":84,"column":0},"end":{"line":84,"column":38}},"84":{"start":{"line":85,"column":0},"end":{"line":85,"column":3}},"86":{"start":{"line":87,"column":0},"end":{"line":87,"column":53}},"87":{"start":{"line":88,"column":0},"end":{"line":88,"column":51}},"88":{"start":{"line":89,"column":0},"end":{"line":89,"column":54}},"89":{"start":{"line":90,"column":0},"end":{"line":90,"column":3}},"91":{"start":{"line":92,"column":0},"end":{"line":92,"column":39}},"92":{"start":{"line":93,"column":0},"end":{"line":93,"column":40}},"93":{"start":{"line":94,"column":0},"end":{"line":94,"column":3}},"95":{"start":{"line":96,"column":0},"end":{"line":96,"column":5}},"98":{"start":{"line":99,"column":0},"end":{"line":99,"column":5}},"99":{"start":{"line":100,"column":0},"end":{"line":100,"column":31}},"104":{"start":{"line":105,"column":0},"end":{"line":105,"column":12}},"105":{"start":{"line":106,"column":0},"end":{"line":106,"column":20}},"106":{"start":{"line":107,"column":0},"end":{"line":107,"column":35}},"107":{"start":{"line":108,"column":0},"end":{"line":108,"column":76}},"108":{"start":{"line":109,"column":0},"end":{"line":109,"column":22}},"109":{"start":{"line":110,"column":0},"end":{"line":110,"column":15}},"110":{"start":{"line":111,"column":0},"end":{"line":111,"column":54}},"111":{"start":{"line":112,"column":0},"end":{"line":112,"column":69}},"113":{"start":{"line":114,"column":0},"end":{"line":114,"column":3}},"115":{"start":{"line":116,"column":0},"end":{"line":116,"column":24}},"116":{"start":{"line":117,"column":0},"end":{"line":117,"column":38}},"118":{"start":{"line":119,"column":0},"end":{"line":119,"column":24}},"119":{"start":{"line":120,"column":0},"end":{"line":120,"column":40}},"120":{"start":{"line":121,"column":0},"end":{"line":121,"column":5}},"122":{"start":{"line":123,"column":0},"end":{"line":123,"column":67}},"123":{"start":{"line":124,"column":0},"end":{"line":124,"column":36}},"124":{"start":{"line":125,"column":0},"end":{"line":125,"column":53}},"125":{"start":{"line":126,"column":0},"end":{"line":126,"column":42}},"126":{"start":{"line":127,"column":0},"end":{"line":127,"column":3}},"128":{"start":{"line":129,"column":0},"end":{"line":129,"column":5}},"130":{"start":{"line":131,"column":0},"end":{"line":131,"column":5}},"131":{"start":{"line":132,"column":0},"end":{"line":132,"column":29}},"132":{"start":{"line":133,"column":0},"end":{"line":133,"column":28}},"133":{"start":{"line":134,"column":0},"end":{"line":134,"column":3}},"135":{"start":{"line":136,"column":0},"end":{"line":136,"column":5}},"137":{"start":{"line":138,"column":0},"end":{"line":138,"column":5}},"138":{"start":{"line":139,"column":0},"end":{"line":139,"column":20}},"139":{"start":{"line":140,"column":0},"end":{"line":140,"column":33}},"140":{"start":{"line":141,"column":0},"end":{"line":141,"column":48}},"141":{"start":{"line":142,"column":0},"end":{"line":142,"column":5}},"142":{"start":{"line":143,"column":0},"end":{"line":143,"column":48}},"143":{"start":{"line":144,"column":0},"end":{"line":144,"column":3}},"145":{"start":{"line":146,"column":0},"end":{"line":146,"column":5}},"147":{"start":{"line":148,"column":0},"end":{"line":148,"column":5}},"148":{"start":{"line":149,"column":0},"end":{"line":149,"column":32}},"149":{"start":{"line":150,"column":0},"end":{"line":150,"column":34}},"150":{"start":{"line":151,"column":0},"end":{"line":151,"column":19}},"151":{"start":{"line":152,"column":0},"end":{"line":152,"column":5}},"152":{"start":{"line":153,"column":0},"end":{"line":153,"column":38}},"153":{"start":{"line":154,"column":0},"end":{"line":154,"column":3}},"155":{"start":{"line":156,"column":0},"end":{"line":156,"column":5}},"157":{"start":{"line":158,"column":0},"end":{"line":158,"column":5}},"158":{"start":{"line":159,"column":0},"end":{"line":159,"column":20}},"159":{"start":{"line":160,"column":0},"end":{"line":160,"column":64}},"160":{"start":{"line":161,"column":0},"end":{"line":161,"column":54}},"161":{"start":{"line":162,"column":0},"end":{"line":162,"column":5}},"163":{"start":{"line":164,"column":0},"end":{"line":164,"column":59}},"164":{"start":{"line":165,"column":0},"end":{"line":165,"column":65}},"165":{"start":{"line":166,"column":0},"end":{"line":166,"column":5}},"166":{"start":{"line":167,"column":0},"end":{"line":167,"column":3}},"167":{"start":{"line":168,"column":0},"end":{"line":168,"column":1}}},"s":{"0":1,"1":1,"2":1,"3":1,"14":1,"15":1,"16":1,"17":1,"18":1,"19":1,"20":1,"22":1,"23":0,"24":0,"25":0,"26":0,"27":0,"28":0,"29":0,"30":0,"31":0,"32":0,"33":0,"34":0,"35":0,"36":0,"38":1,"39":0,"40":0,"42":1,"43":0,"44":0,"46":1,"47":0,"48":0,"50":1,"51":0,"52":0,"54":1,"55":0,"56":0,"58":1,"59":0,"60":0,"62":1,"63":1,"64":0,"65":0,"67":1,"68":1,"69":0,"70":0,"72":1,"73":0,"74":0,"76":1,"77":1,"78":0,"79":0,"81":1,"82":0,"83":0,"84":0,"86":1,"87":0,"88":0,"89":0,"91":1,"92":0,"93":0,"95":1,"98":1,"99":1,"104":0,"105":0,"106":0,"107":0,"108":0,"109":0,"110":0,"111":0,"113":0,"115":1,"116":0,"118":0,"119":0,"120":0,"122":0,"123":0,"124":0,"125":0,"126":0,"128":1,"130":1,"131":1,"132":0,"133":0,"135":1,"137":1,"138":1,"139":0,"140":0,"141":0,"142":0,"143":0,"145":1,"147":1,"148":1,"149":0,"150":0,"151":0,"152":0,"153":0,"155":1,"157":1,"158":1,"159":0,"160":0,"161":0,"163":0,"164":0,"165":0,"166":0,"167":1},"branchMap":{},"b":{},"fnMap":{"0":{"name":"get id","decl":{"start":{"line":39,"column":2},"end":{"line":41,"column":3}},"loc":{"start":{"line":39,"column":2},"end":{"line":41,"column":3}},"line":39},"1":{"name":"get title","decl":{"start":{"line":43,"column":2},"end":{"line":45,"column":3}},"loc":{"start":{"line":43,"column":2},"end":{"line":45,"column":3}},"line":43},"2":{"name":"get priority","decl":{"start":{"line":47,"column":2},"end":{"line":49,"column":3}},"loc":{"start":{"line":47,"column":2},"end":{"line":49,"column":3}},"line":47},"3":{"name":"get completed","decl":{"start":{"line":51,"column":2},"end":{"line":53,"column":3}},"loc":{"start":{"line":51,"column":2},"end":{"line":53,"column":3}},"line":51},"4":{"name":"get createdAt","decl":{"start":{"line":55,"column":2},"end":{"line":57,"column":3}},"loc":{"start":{"line":55,"column":2},"end":{"line":57,"column":3}},"line":55},"5":{"name":"get dueDate","decl":{"start":{"line":59,"column":2},"end":{"line":61,"column":3}},"loc":{"start":{"line":59,"column":2},"end":{"line":61,"column":3}},"line":59},"6":{"name":"get stringId","decl":{"start":{"line":64,"column":2},"end":{"line":66,"column":3}},"loc":{"start":{"line":64,"column":2},"end":{"line":66,"column":3}},"line":64},"7":{"name":"get numericId","decl":{"start":{"line":69,"column":2},"end":{"line":71,"column":3}},"loc":{"start":{"line":69,"column":2},"end":{"line":71,"column":3}},"line":69},"8":{"name":"get titleValue","decl":{"start":{"line":73,"column":2},"end":{"line":75,"column":3}},"loc":{"start":{"line":73,"column":2},"end":{"line":75,"column":3}},"line":73},"9":{"name":"toggle","decl":{"start":{"line":78,"column":2},"end":{"line":80,"column":3}},"loc":{"start":{"line":78,"column":2},"end":{"line":80,"column":3}},"line":78},"10":{"name":"updateTitle","decl":{"start":{"line":82,"column":2},"end":{"line":85,"column":3}},"loc":{"start":{"line":82,"column":2},"end":{"line":85,"column":3}},"line":82},"11":{"name":"updatePriority","decl":{"start":{"line":87,"column":2},"end":{"line":90,"column":3}},"loc":{"start":{"line":87,"column":2},"end":{"line":90,"column":3}},"line":87},"12":{"name":"updateDueDate","decl":{"start":{"line":92,"column":2},"end":{"line":94,"column":3}},"loc":{"start":{"line":92,"column":2},"end":{"line":94,"column":3}},"line":92},"13":{"name":"createCopy","decl":{"start":{"line":100,"column":2},"end":{"line":114,"column":3}},"loc":{"start":{"line":100,"column":2},"end":{"line":114,"column":3}},"line":100},"14":{"name":"isOverdue","decl":{"start":{"line":116,"column":2},"end":{"line":127,"column":3}},"loc":{"start":{"line":116,"column":2},"end":{"line":127,"column":3}},"line":116},"15":{"name":"canBeCompleted","decl":{"start":{"line":132,"column":2},"end":{"line":134,"column":3}},"loc":{"start":{"line":132,"column":2},"end":{"line":134,"column":3}},"line":132},"16":{"name":"complete","decl":{"start":{"line":139,"column":2},"end":{"line":144,"column":3}},"loc":{"start":{"line":139,"column":2},"end":{"line":144,"column":3}},"line":139},"17":{"name":"equals","decl":{"start":{"line":149,"column":2},"end":{"line":154,"column":3}},"loc":{"start":{"line":149,"column":2},"end":{"line":154,"column":3}},"line":149},"18":{"name":"validate","decl":{"start":{"line":159,"column":2},"end":{"line":167,"column":3}},"loc":{"start":{"line":159,"column":2},"end":{"line":167,"column":3}},"line":159},"19":{"name":"Todo","decl":{"start":{"line":23,"column":2},"end":{"line":37,"column":3}},"loc":{"start":{"line":23,"column":2},"end":{"line":37,"column":3}},"line":23}},"f":{"0":0,"1":0,"2":0,"3":0,"4":0,"5":0,"6":0,"7":0,"8":0,"9":0,"10":0,"11":0,"12":0,"13":0,"14":0,"15":0,"16":0,"17":0,"18":0,"19":0}},"/home/runner/work/task-app-gh/task-app-gh/src/core/domain/todo/exceptions/DomainExceptions.ts":{"path":"/home/runner/work/task-app-gh/task-app-gh/src/core/domain/todo/exceptions/DomainExceptions.ts","all":false,"statementMap":{"0":{"start":{"line":1,"column":0},"end":{"line":1,"column":3}},"2":{"start":{"line":3,"column":0},"end":{"line":3,"column":3}},"3":{"start":{"line":4,"column":0},"end":{"line":4,"column":53}},"4":{"start":{"line":5,"column":0},"end":{"line":5,"column":62}},"5":{"start":{"line":6,"column":0},"end":{"line":6,"column":19}},"6":{"start":{"line":7,"column":0},"end":{"line":7,"column":38}},"7":{"start":{"line":8,"column":0},"end":{"line":8,"column":3}},"8":{"start":{"line":9,"column":0},"end":{"line":9,"column":1}},"10":{"start":{"line":11,"column":0},"end":{"line":11,"column":3}},"12":{"start":{"line":13,"column":0},"end":{"line":13,"column":3}},"13":{"start":{"line":14,"column":0},"end":{"line":14,"column":60}},"14":{"start":{"line":15,"column":0},"end":{"line":15,"column":27}},"15":{"start":{"line":16,"column":0},"end":{"line":16,"column":60}},"16":{"start":{"line":17,"column":0},"end":{"line":17,"column":3}},"17":{"start":{"line":18,"column":0},"end":{"line":18,"column":1}},"19":{"start":{"line":20,"column":0},"end":{"line":20,"column":68}},"20":{"start":{"line":21,"column":0},"end":{"line":21,"column":17}},"21":{"start":{"line":22,"column":0},"end":{"line":22,"column":65}},"22":{"start":{"line":23,"column":0},"end":{"line":23,"column":3}},"23":{"start":{"line":24,"column":0},"end":{"line":24,"column":1}},"25":{"start":{"line":26,"column":0},"end":{"line":26,"column":64}},"26":{"start":{"line":27,"column":0},"end":{"line":27,"column":31}},"27":{"start":{"line":28,"column":0},"end":{"line":28,"column":65}},"28":{"start":{"line":29,"column":0},"end":{"line":29,"column":3}},"29":{"start":{"line":30,"column":0},"end":{"line":30,"column":1}},"31":{"start":{"line":32,"column":0},"end":{"line":32,"column":67}},"32":{"start":{"line":33,"column":0},"end":{"line":33,"column":33}},"33":{"start":{"line":34,"column":0},"end":{"line":34,"column":73}},"34":{"start":{"line":35,"column":0},"end":{"line":35,"column":3}},"35":{"start":{"line":36,"column":0},"end":{"line":36,"column":1}}},"s":{"0":1,"2":1,"3":1,"4":1,"5":0,"6":0,"7":0,"8":1,"10":1,"12":1,"13":1,"14":1,"15":0,"16":0,"17":1,"19":1,"20":1,"21":0,"22":0,"23":1,"25":1,"26":1,"27":0,"28":0,"29":1,"31":1,"32":1,"33":0,"34":0,"35":1},"branchMap":{},"b":{},"fnMap":{"0":{"name":"DomainException","decl":{"start":{"line":5,"column":2},"end":{"line":8,"column":3}},"loc":{"start":{"line":5,"column":2},"end":{"line":8,"column":3}},"line":5},"1":{"name":"TodoNotFoundException","decl":{"start":{"line":15,"column":2},"end":{"line":17,"column":3}},"loc":{"start":{"line":15,"column":2},"end":{"line":17,"column":3}},"line":15},"2":{"name":"TodoAlreadyCompletedException","decl":{"start":{"line":21,"column":2},"end":{"line":23,"column":3}},"loc":{"start":{"line":21,"column":2},"end":{"line":23,"column":3}},"line":21},"3":{"name":"InvalidTodoTitleException","decl":{"start":{"line":27,"column":2},"end":{"line":29,"column":3}},"loc":{"start":{"line":27,"column":2},"end":{"line":29,"column":3}},"line":27},"4":{"name":"InvalidTodoPriorityException","decl":{"start":{"line":33,"column":2},"end":{"line":35,"column":3}},"loc":{"start":{"line":33,"column":2},"end":{"line":35,"column":3}},"line":33}},"f":{"0":0,"1":0,"2":0,"3":0,"4":0}},"/home/runner/work/task-app-gh/task-app-gh/src/core/domain/todo/services/TodoDomainService.ts":{"path":"/home/runner/work/task-app-gh/task-app-gh/src/core/domain/todo/services/TodoDomainService.ts","all":false,"statementMap":{"2":{"start":{"line":3,"column":0},"end":{"line":3,"column":3}},"5":{"start":{"line":6,"column":0},"end":{"line":6,"column":3}},"6":{"start":{"line":7,"column":0},"end":{"line":7,"column":32}},"7":{"start":{"line":8,"column":0},"end":{"line":8,"column":5}},"9":{"start":{"line":10,"column":0},"end":{"line":10,"column":5}},"10":{"start":{"line":11,"column":0},"end":{"line":11,"column":73}},"11":{"start":{"line":12,"column":0},"end":{"line":12,"column":37}},"13":{"start":{"line":14,"column":0},"end":{"line":14,"column":41}},"14":{"start":{"line":15,"column":0},"end":{"line":15,"column":80}},"17":{"start":{"line":18,"column":0},"end":{"line":18,"column":33}},"18":{"start":{"line":19,"column":0},"end":{"line":19,"column":3}},"20":{"start":{"line":21,"column":0},"end":{"line":21,"column":5}},"22":{"start":{"line":23,"column":0},"end":{"line":23,"column":5}},"23":{"start":{"line":24,"column":0},"end":{"line":24,"column":84}},"24":{"start":{"line":25,"column":0},"end":{"line":25,"column":33}},"26":{"start":{"line":27,"column":0},"end":{"line":27,"column":41}},"27":{"start":{"line":28,"column":0},"end":{"line":28,"column":80}},"30":{"start":{"line":31,"column":0},"end":{"line":31,"column":60}},"31":{"start":{"line":32,"column":0},"end":{"line":32,"column":86}},"33":{"start":{"line":34,"column":0},"end":{"line":34,"column":44}},"34":{"start":{"line":35,"column":0},"end":{"line":35,"column":3}},"36":{"start":{"line":37,"column":0},"end":{"line":37,"column":5}},"38":{"start":{"line":39,"column":0},"end":{"line":39,"column":5}},"39":{"start":{"line":40,"column":0},"end":{"line":40,"column":77}},"40":{"start":{"line":41,"column":0},"end":{"line":41,"column":25}},"41":{"start":{"line":42,"column":0},"end":{"line":42,"column":73}},"42":{"start":{"line":43,"column":0},"end":{"line":43,"column":5}},"44":{"start":{"line":45,"column":0},"end":{"line":45,"column":33}},"45":{"start":{"line":46,"column":0},"end":{"line":46,"column":3}},"47":{"start":{"line":48,"column":0},"end":{"line":48,"column":5}},"49":{"start":{"line":50,"column":0},"end":{"line":50,"column":5}},"50":{"start":{"line":51,"column":0},"end":{"line":51,"column":80}},"51":{"start":{"line":52,"column":0},"end":{"line":52,"column":38}},"52":{"start":{"line":53,"column":0},"end":{"line":53,"column":37}},"53":{"start":{"line":54,"column":0},"end":{"line":54,"column":40}},"54":{"start":{"line":55,"column":0},"end":{"line":55,"column":36}},"55":{"start":{"line":56,"column":0},"end":{"line":56,"column":7}},"57":{"start":{"line":58,"column":0},"end":{"line":58,"column":46}},"58":{"start":{"line":59,"column":0},"end":{"line":59,"column":64}},"59":{"start":{"line":60,"column":0},"end":{"line":60,"column":64}},"61":{"start":{"line":62,"column":0},"end":{"line":62,"column":29}},"62":{"start":{"line":63,"column":0},"end":{"line":63,"column":7}},"63":{"start":{"line":64,"column":0},"end":{"line":64,"column":3}},"64":{"start":{"line":65,"column":0},"end":{"line":65,"column":1}}},"s":{"2":1,"5":1,"6":1,"7":1,"9":1,"10":1,"11":0,"13":0,"14":0,"17":0,"18":0,"20":1,"22":1,"23":1,"24":0,"26":0,"27":0,"30":0,"31":0,"33":0,"34":0,"36":1,"38":1,"39":1,"40":0,"41":0,"42":0,"44":0,"45":0,"47":1,"49":1,"50":1,"51":0,"52":0,"53":0,"54":0,"55":0,"57":0,"58":0,"59":0,"61":0,"62":0,"63":0,"64":1},"branchMap":{},"b":{},"fnMap":{"0":{"name":"isOverdue","decl":{"start":{"line":11,"column":9},"end":{"line":19,"column":3}},"loc":{"start":{"line":11,"column":9},"end":{"line":19,"column":3}},"line":11},"1":{"name":"calculateUrgencyScore","decl":{"start":{"line":24,"column":9},"end":{"line":35,"column":3}},"loc":{"start":{"line":24,"column":9},"end":{"line":35,"column":3}},"line":24},"2":{"name":"canComplete","decl":{"start":{"line":40,"column":9},"end":{"line":46,"column":3}},"loc":{"start":{"line":40,"column":9},"end":{"line":46,"column":3}},"line":40},"3":{"name":"sortByPriority","decl":{"start":{"line":51,"column":9},"end":{"line":64,"column":3}},"loc":{"start":{"line":51,"column":9},"end":{"line":64,"column":3}},"line":51}},"f":{"0":0,"1":0,"2":0,"3":0}},"/home/runner/work/task-app-gh/task-app-gh/src/core/domain/todo/specifications/TodoSpecifications.ts":{"path":"/home/runner/work/task-app-gh/task-app-gh/src/core/domain/todo/specifications/TodoSpecifications.ts","all":false,"statementMap":{"12":{"start":{"line":13,"column":0},"end":{"line":13,"column":3}},"14":{"start":{"line":15,"column":0},"end":{"line":15,"column":3}},"15":{"start":{"line":16,"column":0},"end":{"line":16,"column":72}},"18":{"start":{"line":19,"column":0},"end":{"line":19,"column":58}},"19":{"start":{"line":20,"column":0},"end":{"line":20,"column":53}},"20":{"start":{"line":21,"column":0},"end":{"line":21,"column":3}},"22":{"start":{"line":23,"column":0},"end":{"line":23,"column":57}},"23":{"start":{"line":24,"column":0},"end":{"line":24,"column":52}},"24":{"start":{"line":25,"column":0},"end":{"line":25,"column":3}},"26":{"start":{"line":27,"column":0},"end":{"line":27,"column":27}},"27":{"start":{"line":28,"column":0},"end":{"line":28,"column":38}},"28":{"start":{"line":29,"column":0},"end":{"line":29,"column":3}},"29":{"start":{"line":30,"column":0},"end":{"line":30,"column":1}},"31":{"start":{"line":32,"column":0},"end":{"line":32,"column":3}},"33":{"start":{"line":34,"column":0},"end":{"line":34,"column":3}},"34":{"start":{"line":35,"column":0},"end":{"line":35,"column":56}},"35":{"start":{"line":36,"column":0},"end":{"line":36,"column":14}},"36":{"start":{"line":37,"column":0},"end":{"line":37,"column":35}},"37":{"start":{"line":38,"column":0},"end":{"line":38,"column":35}},"38":{"start":{"line":39,"column":0},"end":{"line":39,"column":5}},"39":{"start":{"line":40,"column":0},"end":{"line":40,"column":12}},"40":{"start":{"line":41,"column":0},"end":{"line":41,"column":3}},"42":{"start":{"line":43,"column":0},"end":{"line":43,"column":40}},"43":{"start":{"line":44,"column":0},"end":{"line":44,"column":85}},"44":{"start":{"line":45,"column":0},"end":{"line":45,"column":3}},"45":{"start":{"line":46,"column":0},"end":{"line":46,"column":1}},"47":{"start":{"line":48,"column":0},"end":{"line":48,"column":55}},"48":{"start":{"line":49,"column":0},"end":{"line":49,"column":14}},"49":{"start":{"line":50,"column":0},"end":{"line":50,"column":35}},"50":{"start":{"line":51,"column":0},"end":{"line":51,"column":35}},"51":{"start":{"line":52,"column":0},"end":{"line":52,"column":5}},"52":{"start":{"line":53,"column":0},"end":{"line":53,"column":12}},"53":{"start":{"line":54,"column":0},"end":{"line":54,"column":3}},"55":{"start":{"line":56,"column":0},"end":{"line":56,"column":40}},"56":{"start":{"line":57,"column":0},"end":{"line":57,"column":85}},"57":{"start":{"line":58,"column":0},"end":{"line":58,"column":3}},"58":{"start":{"line":59,"column":0},"end":{"line":59,"column":1}},"60":{"start":{"line":61,"column":0},"end":{"line":61,"column":56}},"61":{"start":{"line":62,"column":0},"end":{"line":62,"column":56}},"62":{"start":{"line":63,"column":0},"end":{"line":63,"column":12}},"63":{"start":{"line":64,"column":0},"end":{"line":64,"column":3}},"65":{"start":{"line":66,"column":0},"end":{"line":66,"column":40}},"66":{"start":{"line":67,"column":0},"end":{"line":67,"column":56}},"67":{"start":{"line":68,"column":0},"end":{"line":68,"column":3}},"68":{"start":{"line":69,"column":0},"end":{"line":69,"column":1}},"70":{"start":{"line":71,"column":0},"end":{"line":71,"column":3}},"72":{"start":{"line":73,"column":0},"end":{"line":73,"column":3}},"73":{"start":{"line":74,"column":0},"end":{"line":74,"column":73}},"74":{"start":{"line":75,"column":0},"end":{"line":75,"column":38}},"75":{"start":{"line":76,"column":0},"end":{"line":76,"column":26}},"76":{"start":{"line":77,"column":0},"end":{"line":77,"column":3}},"77":{"start":{"line":78,"column":0},"end":{"line":78,"column":1}},"79":{"start":{"line":80,"column":0},"end":{"line":80,"column":70}},"80":{"start":{"line":81,"column":0},"end":{"line":81,"column":38}},"81":{"start":{"line":82,"column":0},"end":{"line":82,"column":27}},"82":{"start":{"line":83,"column":0},"end":{"line":83,"column":3}},"83":{"start":{"line":84,"column":0},"end":{"line":84,"column":1}},"85":{"start":{"line":86,"column":0},"end":{"line":86,"column":71}},"86":{"start":{"line":87,"column":0},"end":{"line":87,"column":55}},"87":{"start":{"line":88,"column":0},"end":{"line":88,"column":12}},"88":{"start":{"line":89,"column":0},"end":{"line":89,"column":3}},"90":{"start":{"line":91,"column":0},"end":{"line":91,"column":38}},"91":{"start":{"line":92,"column":0},"end":{"line":92,"column":37}},"93":{"start":{"line":94,"column":0},"end":{"line":94,"column":41}},"94":{"start":{"line":95,"column":0},"end":{"line":95,"column":85}},"97":{"start":{"line":98,"column":0},"end":{"line":98,"column":33}},"98":{"start":{"line":99,"column":0},"end":{"line":99,"column":3}},"99":{"start":{"line":100,"column":0},"end":{"line":100,"column":1}},"101":{"start":{"line":102,"column":0},"end":{"line":102,"column":76}},"102":{"start":{"line":103,"column":0},"end":{"line":103,"column":38}},"103":{"start":{"line":104,"column":0},"end":{"line":104,"column":42}},"104":{"start":{"line":105,"column":0},"end":{"line":105,"column":3}},"105":{"start":{"line":106,"column":0},"end":{"line":106,"column":1}}},"s":{"12":1,"14":1,"15":1,"18":1,"19":0,"20":0,"22":1,"23":0,"24":0,"26":1,"27":0,"28":0,"29":1,"31":1,"33":1,"34":1,"35":1,"36":0,"37":0,"38":0,"39":0,"40":0,"42":1,"43":0,"44":0,"45":1,"47":1,"48":1,"49":0,"50":0,"51":0,"52":0,"53":0,"55":1,"56":0,"57":0,"58":1,"60":1,"61":1,"62":0,"63":0,"65":1,"66":0,"67":0,"68":1,"70":1,"72":1,"73":1,"74":1,"75":0,"76":0,"77":1,"79":1,"80":1,"81":0,"82":0,"83":1,"85":1,"86":1,"87":0,"88":0,"90":1,"91":0,"93":0,"94":0,"97":0,"98":0,"99":1,"101":1,"102":1,"103":0,"104":0,"105":1},"branchMap":{},"b":{},"fnMap":{"0":{"name":"and","decl":{"start":{"line":19,"column":2},"end":{"line":21,"column":3}},"loc":{"start":{"line":19,"column":2},"end":{"line":21,"column":3}},"line":19},"1":{"name":"or","decl":{"start":{"line":23,"column":2},"end":{"line":25,"column":3}},"loc":{"start":{"line":23,"column":2},"end":{"line":25,"column":3}},"line":23},"2":{"name":"not","decl":{"start":{"line":27,"column":2},"end":{"line":29,"column":3}},"loc":{"start":{"line":27,"column":2},"end":{"line":29,"column":3}},"line":27},"3":{"name":"isSatisfiedBy","decl":{"start":{"line":43,"column":2},"end":{"line":45,"column":3}},"loc":{"start":{"line":43,"column":2},"end":{"line":45,"column":3}},"line":43},"4":{"name":"AndSpecification","decl":{"start":{"line":36,"column":2},"end":{"line":41,"column":3}},"loc":{"start":{"line":36,"column":2},"end":{"line":41,"column":3}},"line":36},"5":{"name":"isSatisfiedBy","decl":{"start":{"line":56,"column":2},"end":{"line":58,"column":3}},"loc":{"start":{"line":56,"column":2},"end":{"line":58,"column":3}},"line":56},"6":{"name":"OrSpecification","decl":{"start":{"line":49,"column":2},"end":{"line":54,"column":3}},"loc":{"start":{"line":49,"column":2},"end":{"line":54,"column":3}},"line":49},"7":{"name":"isSatisfiedBy","decl":{"start":{"line":66,"column":2},"end":{"line":68,"column":3}},"loc":{"start":{"line":66,"column":2},"end":{"line":68,"column":3}},"line":66},"8":{"name":"NotSpecification","decl":{"start":{"line":62,"column":2},"end":{"line":64,"column":3}},"loc":{"start":{"line":62,"column":2},"end":{"line":64,"column":3}},"line":62},"9":{"name":"isSatisfiedBy","decl":{"start":{"line":75,"column":2},"end":{"line":77,"column":3}},"loc":{"start":{"line":75,"column":2},"end":{"line":77,"column":3}},"line":75},"10":{"name":"isSatisfiedBy","decl":{"start":{"line":81,"column":2},"end":{"line":83,"column":3}},"loc":{"start":{"line":81,"column":2},"end":{"line":83,"column":3}},"line":81},"11":{"name":"isSatisfiedBy","decl":{"start":{"line":91,"column":2},"end":{"line":99,"column":3}},"loc":{"start":{"line":91,"column":2},"end":{"line":99,"column":3}},"line":91},"12":{"name":"OverdueTodoSpecification","decl":{"start":{"line":87,"column":2},"end":{"line":89,"column":3}},"loc":{"start":{"line":87,"column":2},"end":{"line":89,"column":3}},"line":87},"13":{"name":"isSatisfiedBy","decl":{"start":{"line":103,"column":2},"end":{"line":105,"column":3}},"loc":{"start":{"line":103,"column":2},"end":{"line":105,"column":3}},"line":103}},"f":{"0":0,"1":0,"2":0,"3":0,"4":0,"5":0,"6":0,"7":0,"8":0,"9":0,"10":0,"11":0,"12":0,"13":0}},"/home/runner/work/task-app-gh/task-app-gh/src/core/domain/todo/value-objects/TodoId.ts":{"path":"/home/runner/work/task-app-gh/task-app-gh/src/core/domain/todo/value-objects/TodoId.ts","all":false,"statementMap":{"0":{"start":{"line":1,"column":0},"end":{"line":1,"column":3}},"2":{"start":{"line":3,"column":0},"end":{"line":3,"column":3}},"8":{"start":{"line":9,"column":0},"end":{"line":9,"column":3}},"10":{"start":{"line":11,"column":0},"end":{"line":11,"column":3}},"11":{"start":{"line":12,"column":0},"end":{"line":12,"column":44}},"12":{"start":{"line":13,"column":0},"end":{"line":13,"column":32}},"13":{"start":{"line":14,"column":0},"end":{"line":14,"column":40}},"14":{"start":{"line":15,"column":0},"end":{"line":15,"column":30}},"15":{"start":{"line":16,"column":0},"end":{"line":16,"column":3}},"17":{"start":{"line":18,"column":0},"end":{"line":18,"column":25}},"18":{"start":{"line":19,"column":0},"end":{"line":19,"column":18}},"19":{"start":{"line":20,"column":0},"end":{"line":20,"column":3}},"20":{"start":{"line":21,"column":0},"end":{"line":21,"column":1}},"22":{"start":{"line":23,"column":0},"end":{"line":23,"column":3}},"24":{"start":{"line":25,"column":0},"end":{"line":25,"column":3}},"25":{"start":{"line":26,"column":0},"end":{"line":26,"column":47}},"26":{"start":{"line":27,"column":0},"end":{"line":27,"column":32}},"27":{"start":{"line":28,"column":0},"end":{"line":28,"column":43}},"28":{"start":{"line":29,"column":0},"end":{"line":29,"column":33}},"29":{"start":{"line":30,"column":0},"end":{"line":30,"column":3}},"31":{"start":{"line":32,"column":0},"end":{"line":32,"column":25}},"32":{"start":{"line":33,"column":0},"end":{"line":33,"column":21}},"33":{"start":{"line":34,"column":0},"end":{"line":34,"column":3}},"34":{"start":{"line":35,"column":0},"end":{"line":35,"column":1}},"36":{"start":{"line":37,"column":0},"end":{"line":37,"column":3}},"40":{"start":{"line":41,"column":0},"end":{"line":41,"column":3}},"41":{"start":{"line":42,"column":0},"end":{"line":42,"column":21}},"42":{"start":{"line":43,"column":0},"end":{"line":43,"column":34}},"43":{"start":{"line":44,"column":0},"end":{"line":44,"column":43}},"45":{"start":{"line":46,"column":0},"end":{"line":46,"column":55}},"46":{"start":{"line":47,"column":0},"end":{"line":47,"column":24}},"47":{"start":{"line":48,"column":0},"end":{"line":48,"column":26}},"48":{"start":{"line":49,"column":0},"end":{"line":49,"column":4}},"50":{"start":{"line":51,"column":0},"end":{"line":51,"column":30}},"51":{"start":{"line":52,"column":0},"end":{"line":52,"column":27}},"52":{"start":{"line":53,"column":0},"end":{"line":53,"column":24}},"53":{"start":{"line":54,"column":0},"end":{"line":54,"column":48}},"54":{"start":{"line":55,"column":0},"end":{"line":55,"column":3}},"56":{"start":{"line":57,"column":0},"end":{"line":57,"column":23}},"57":{"start":{"line":58,"column":0},"end":{"line":58,"column":23}},"58":{"start":{"line":59,"column":0},"end":{"line":59,"column":3}},"60":{"start":{"line":61,"column":0},"end":{"line":61,"column":40}},"61":{"start":{"line":62,"column":0},"end":{"line":62,"column":59}},"62":{"start":{"line":63,"column":0},"end":{"line":63,"column":60}},"63":{"start":{"line":64,"column":0},"end":{"line":64,"column":5}},"65":{"start":{"line":66,"column":0},"end":{"line":66,"column":79}},"67":{"start":{"line":68,"column":0},"end":{"line":68,"column":19}},"68":{"start":{"line":69,"column":0},"end":{"line":69,"column":86}},"69":{"start":{"line":70,"column":0},"end":{"line":70,"column":96}},"70":{"start":{"line":71,"column":0},"end":{"line":71,"column":5}},"71":{"start":{"line":72,"column":0},"end":{"line":72,"column":3}},"73":{"start":{"line":74,"column":0},"end":{"line":74,"column":50}},"74":{"start":{"line":75,"column":0},"end":{"line":75,"column":65}},"75":{"start":{"line":76,"column":0},"end":{"line":76,"column":21}},"76":{"start":{"line":77,"column":0},"end":{"line":77,"column":61}},"77":{"start":{"line":78,"column":0},"end":{"line":78,"column":5}},"78":{"start":{"line":79,"column":0},"end":{"line":79,"column":21}},"79":{"start":{"line":80,"column":0},"end":{"line":80,"column":3}},"81":{"start":{"line":82,"column":0},"end":{"line":82,"column":34}},"82":{"start":{"line":83,"column":0},"end":{"line":83,"column":40}},"83":{"start":{"line":84,"column":0},"end":{"line":84,"column":3}},"85":{"start":{"line":86,"column":0},"end":{"line":86,"column":22}},"86":{"start":{"line":87,"column":0},"end":{"line":87,"column":23}},"87":{"start":{"line":88,"column":0},"end":{"line":88,"column":3}},"89":{"start":{"line":90,"column":0},"end":{"line":90,"column":44}},"90":{"start":{"line":91,"column":0},"end":{"line":91,"column":29}},"91":{"start":{"line":92,"column":0},"end":{"line":92,"column":3}},"93":{"start":{"line":94,"column":0},"end":{"line":94,"column":21}},"94":{"start":{"line":95,"column":0},"end":{"line":95,"column":52}},"95":{"start":{"line":96,"column":0},"end":{"line":96,"column":3}},"97":{"start":{"line":98,"column":0},"end":{"line":98,"column":30}},"98":{"start":{"line":99,"column":0},"end":{"line":99,"column":55}},"99":{"start":{"line":100,"column":0},"end":{"line":100,"column":3}},"101":{"start":{"line":102,"column":0},"end":{"line":102,"column":35}},"102":{"start":{"line":103,"column":0},"end":{"line":103,"column":63}},"103":{"start":{"line":104,"column":0},"end":{"line":104,"column":3}},"105":{"start":{"line":106,"column":0},"end":{"line":106,"column":53}},"106":{"start":{"line":107,"column":0},"end":{"line":107,"column":38}},"107":{"start":{"line":108,"column":0},"end":{"line":108,"column":3}},"108":{"start":{"line":109,"column":0},"end":{"line":109,"column":1}}},"s":{"0":1,"2":1,"8":1,"10":1,"11":1,"12":1,"13":89,"14":89,"15":89,"17":1,"18":17,"19":17,"20":1,"22":1,"24":1,"25":1,"26":1,"27":35,"28":35,"29":35,"31":1,"32":25,"33":25,"34":1,"36":1,"40":1,"41":1,"42":1,"43":1,"45":1,"46":1,"47":1,"48":1,"50":1,"51":57,"52":57,"53":57,"54":57,"56":1,"57":21,"58":21,"60":1,"61":57,"62":7,"63":7,"65":50,"67":57,"68":11,"69":11,"70":11,"71":57,"73":1,"74":39,"75":39,"76":0,"77":0,"78":39,"79":39,"81":1,"82":9,"83":9,"85":1,"86":4,"87":4,"89":1,"90":10,"91":10,"93":1,"94":6,"95":6,"97":1,"98":7,"99":7,"101":1,"102":7,"103":7,"105":1,"106":1,"107":1,"108":1},"branchMap":{"0":{"type":"branch","line":13,"loc":{"start":{"line":13,"column":2},"end":{"line":16,"column":3}},"locations":[{"start":{"line":13,"column":2},"end":{"line":16,"column":3}}]},"1":{"type":"branch","line":18,"loc":{"start":{"line":18,"column":2},"end":{"line":20,"column":3}},"locations":[{"start":{"line":18,"column":2},"end":{"line":20,"column":3}}]},"2":{"type":"branch","line":27,"loc":{"start":{"line":27,"column":2},"end":{"line":30,"column":3}},"locations":[{"start":{"line":27,"column":2},"end":{"line":30,"column":3}}]},"3":{"type":"branch","line":32,"loc":{"start":{"line":32,"column":2},"end":{"line":34,"column":3}},"locations":[{"start":{"line":32,"column":2},"end":{"line":34,"column":3}}]},"4":{"type":"branch","line":57,"loc":{"start":{"line":57,"column":2},"end":{"line":59,"column":3}},"locations":[{"start":{"line":57,"column":2},"end":{"line":59,"column":3}}]},"5":{"type":"branch","line":61,"loc":{"start":{"line":61,"column":10},"end":{"line":72,"column":3}},"locations":[{"start":{"line":61,"column":10},"end":{"line":72,"column":3}}]},"6":{"type":"branch","line":62,"loc":{"start":{"line":62,"column":22},"end":{"line":62,"column":58}},"locations":[{"start":{"line":62,"column":22},"end":{"line":62,"column":58}}]},"7":{"type":"branch","line":62,"loc":{"start":{"line":62,"column":58},"end":{"line":64,"column":5}},"locations":[{"start":{"line":62,"column":58},"end":{"line":64,"column":5}}]},"8":{"type":"branch","line":64,"loc":{"start":{"line":64,"column":4},"end":{"line":68,"column":18}},"locations":[{"start":{"line":64,"column":4},"end":{"line":68,"column":18}}]},"9":{"type":"branch","line":68,"loc":{"start":{"line":68,"column":18},"end":{"line":71,"column":5}},"locations":[{"start":{"line":68,"column":18},"end":{"line":71,"column":5}}]},"10":{"type":"branch","line":66,"loc":{"start":{"line":66,"column":43},"end":{"line":66,"column":79}},"locations":[{"start":{"line":66,"column":43},"end":{"line":66,"column":79}}]},"11":{"type":"branch","line":69,"loc":{"start":{"line":69,"column":53},"end":{"line":69,"column":75}},"locations":[{"start":{"line":69,"column":53},"end":{"line":69,"column":75}}]},"12":{"type":"branch","line":74,"loc":{"start":{"line":74,"column":10},"end":{"line":80,"column":3}},"locations":[{"start":{"line":74,"column":10},"end":{"line":80,"column":3}}]},"13":{"type":"branch","line":76,"loc":{"start":{"line":76,"column":20},"end":{"line":78,"column":5}},"locations":[{"start":{"line":76,"column":20},"end":{"line":78,"column":5}}]},"14":{"type":"branch","line":75,"loc":{"start":{"line":75,"column":45},"end":{"line":75,"column":65}},"locations":[{"start":{"line":75,"column":45},"end":{"line":75,"column":65}}]},"15":{"type":"branch","line":82,"loc":{"start":{"line":82,"column":2},"end":{"line":84,"column":3}},"locations":[{"start":{"line":82,"column":2},"end":{"line":84,"column":3}}]},"16":{"type":"branch","line":86,"loc":{"start":{"line":86,"column":2},"end":{"line":88,"column":3}},"locations":[{"start":{"line":86,"column":2},"end":{"line":88,"column":3}}]},"17":{"type":"branch","line":90,"loc":{"start":{"line":90,"column":9},"end":{"line":92,"column":3}},"locations":[{"start":{"line":90,"column":9},"end":{"line":92,"column":3}}]},"18":{"type":"branch","line":94,"loc":{"start":{"line":94,"column":2},"end":{"line":96,"column":3}},"locations":[{"start":{"line":94,"column":2},"end":{"line":96,"column":3}}]},"19":{"type":"branch","line":98,"loc":{"start":{"line":98,"column":2},"end":{"line":100,"column":3}},"locations":[{"start":{"line":98,"column":2},"end":{"line":100,"column":3}}]},"20":{"type":"branch","line":102,"loc":{"start":{"line":102,"column":2},"end":{"line":104,"column":3}},"locations":[{"start":{"line":102,"column":2},"end":{"line":104,"column":3}}]},"21":{"type":"branch","line":106,"loc":{"sta
[...]
n":0},"end":{"line":31,"column":35}},"31":{"start":{"line":32,"column":0},"end":{"line":32,"column":3}},"33":{"start":{"line":34,"column":0},"end":{"line":34,"column":30}},"34":{"start":{"line":35,"column":0},"end":{"line":35,"column":28}},"35":{"start":{"line":36,"column":0},"end":{"line":36,"column":3}},"36":{"start":{"line":37,"column":0},"end":{"line":37,"column":1}},"38":{"start":{"line":39,"column":0},"end":{"line":39,"column":20}},"39":{"start":{"line":40,"column":0},"end":{"line":40,"column":35}},"40":{"start":{"line":41,"column":0},"end":{"line":41,"column":35}},"42":{"start":{"line":43,"column":0},"end":{"line":43,"column":17}},"43":{"start":{"line":44,"column":0},"end":{"line":44,"column":33}},"44":{"start":{"line":45,"column":0},"end":{"line":45,"column":3}},"45":{"start":{"line":46,"column":0},"end":{"line":46,"column":1}}},"s":{"0":0,"1":0,"2":0,"4":0,"5":0,"6":0,"8":0,"9":0,"10":0,"12":0,"13":0,"14":0,"15":0,"17":0,"18":0,"19":0,"21":0,"22":0,"23":0,"25":0,"26":0,"27":0,"29":0,"30":0,"31":0,"33":0,"34":0,"35":0,"36":0,"38":0,"39":0,"40":0,"42":0,"43":0,"44":0,"45":0},"branchMap":{"0":{"type":"branch","line":1,"loc":{"start":{"line":1,"column":934},"end":{"line":46,"column":1}},"locations":[{"start":{"line":1,"column":934},"end":{"line":46,"column":1}}]}},"b":{"0":[0]},"fnMap":{"0":{"name":"(empty-report)","decl":{"start":{"line":1,"column":934},"end":{"line":46,"column":1}},"loc":{"start":{"line":1,"column":934},"end":{"line":46,"column":1}},"line":1}},"f":{"0":0}},"/home/runner/work/task-app-gh/task-app-gh/src/core/application/todo/dto/TodoQueries.ts":{"path":"/home/runner/work/task-app-gh/task-app-gh/src/core/application/todo/dto/TodoQueries.ts","all":true,"statementMap":{"0":{"start":{"line":1,"column":0},"end":{"line":1,"column":3}},"2":{"start":{"line":3,"column":0},"end":{"line":3,"column":3}},"26":{"start":{"line":27,"column":0},"end":{"line":27,"column":3}},"28":{"start":{"line":29,"column":0},"end":{"line":29,"column":3}}},"s":{"0":0,"2":0,"26":0,"28":0},"branchMap":{"0":{"type":"branch","line":1,"loc":{"start":{"line":1,"column":662},"end":{"line":36,"column":1}},"locations":[{"start":{"line":1,"column":662},"end":{"line":36,"column":1}}]}},"b":{"0":[0]},"fnMap":{"0":{"name":"(empty-report)","decl":{"start":{"line":1,"column":662},"end":{"line":36,"column":1}},"loc":{"start":{"line":1,"column":662},"end":{"line":36,"column":1}},"line":1}},"f":{"0":0}},"/home/runner/work/task-app-gh/task-app-gh/src/core/application/todo/mappers/TodoMapper.ts":{"path":"/home/runner/work/task-app-gh/task-app-gh/src/core/application/todo/mappers/TodoMapper.ts","all":true,"statementMap":{"0":{"start":{"line":1,"column":0},"end":{"line":1,"column":56}},"4":{"start":{"line":5,"column":0},"end":{"line":5,"column":25}},"5":{"start":{"line":6,"column":0},"end":{"line":6,"column":37}},"6":{"start":{"line":7,"column":0},"end":{"line":7,"column":12}},"7":{"start":{"line":8,"column":0},"end":{"line":8,"column":42}},"8":{"start":{"line":9,"column":0},"end":{"line":9,"column":30}},"9":{"start":{"line":10,"column":0},"end":{"line":10,"column":32}},"10":{"start":{"line":11,"column":0},"end":{"line":11,"column":41}},"11":{"start":{"line":12,"column":0},"end":{"line":12,"column":46}},"12":{"start":{"line":13,"column":0},"end":{"line":13,"column":98}},"13":{"start":{"line":14,"column":0},"end":{"line":14,"column":6}},"14":{"start":{"line":15,"column":0},"end":{"line":15,"column":3}},"16":{"start":{"line":17,"column":0},"end":{"line":17,"column":47}},"17":{"start":{"line":18,"column":0},"end":{"line":18,"column":33}},"18":{"start":{"line":19,"column":0},"end":{"line":19,"column":3}},"20":{"start":{"line":21,"column":0},"end":{"line":21,"column":39}},"21":{"start":{"line":22,"column":0},"end":{"line":22,"column":20}},"22":{"start":{"line":23,"column":0},"end":{"line":23,"column":16}},"23":{"start":{"line":24,"column":0},"end":{"line":24,"column":20}},"24":{"start":{"line":25,"column":0},"end":{"line":25,"column":30}},"25":{"start":{"line":26,"column":0},"end":{"line":26,"column":26}},"26":{"start":{"line":27,"column":0},"end":{"line":27,"column":39}},"28":{"start":{"line":29,"column":0},"end":{"line":29,"column":3}},"30":{"start":{"line":31,"column":0},"end":{"line":31,"column":51}},"31":{"start":{"line":32,"column":0},"end":{"line":32,"column":20}},"32":{"start":{"line":33,"column":0},"end":{"line":33,"column":16}},"33":{"start":{"line":34,"column":0},"end":{"line":34,"column":12}},"34":{"start":{"line":35,"column":0},"end":{"line":35,"column":17}},"35":{"start":{"line":36,"column":0},"end":{"line":36,"column":16}},"36":{"start":{"line":37,"column":0},"end":{"line":37,"column":39}},"38":{"start":{"line":39,"column":0},"end":{"line":39,"column":3}},"39":{"start":{"line":40,"column":0},"end":{"line":40,"column":1}}},"s":{"0":0,"4":0,"5":0,"6":0,"7":0,"8":0,"9":0,"10":0,"11":0,"12":0,"13":0,"14":0,"16":0,"17":0,"18":0,"20":0,"21":0,"22":0,"23":0,"24":0,"25":0,"26":0,"28":0,"30":0,"31":0,"32":0,"33":0,"34":0,"35":0,"36":0,"38":0,"39":0},"branchMap":{"0":{"type":"branch","line":1,"loc":{"start":{"line":1,"column":1099},"end":{"line":40,"column":1}},"locations":[{"start":{"line":1,"column":1099},"end":{"line":40,"column":1}}]}},"b":{"0":[0]},"fnMap":{"0":{"name":"(empty-report)","decl":{"start":{"line":1,"column":1099},"end":{"line":40,"column":1}},"loc":{"start":{"line":1,"column":1099},"end":{"line":40,"column":1}},"line":1}},"f":{"0":0}},"/home/runner/work/task-app-gh/task-app-gh/src/core/application/todo/dto/TodoCommands.ts":{"path":"/home/runner/work/task-app-gh/task-app-gh/src/core/application/todo/dto/TodoCommands.ts","all":true,"statementMap":{"0":{"start":{"line":1,"column":0},"end":{"line":1,"column":3}},"2":{"start":{"line":3,"column":0},"end":{"line":3,"column":3}},"27":{"start":{"line":28,"column":0},"end":{"line":28,"column":3}},"29":{"start":{"line":30,"column":0},"end":{"line":30,"column":3}}},"s":{"0":0,"2":0,"27":0,"29":0},"branchMap":{"0":{"type":"branch","line":1,"loc":{"start":{"line":1,"column":560},"end":{"line":33,"column":1}},"locations":[{"start":{"line":1,"column":560},"end":{"line":33,"column":1}}]}},"b":{"0":[0]},"fnMap":{"0":{"name":"(empty-report)","decl":{"start":{"line":1,"column":560},"end":{"line":33,"column":1}},"loc":{"start":{"line":1,"column":560},"end":{"line":33,"column":1}},"line":1}},"f":{"0":0}},"/home/runner/work/task-app-gh/task-app-gh/src/core/application/todo/dto/TodoDto.ts":{"path":"/home/runner/work/task-app-gh/task-app-gh/src/core/application/todo/dto/TodoDto.ts","all":true,"statementMap":{"0":{"start":{"line":1,"column":0},"end":{"line":1,"column":44}}},"s":{"0":0},"branchMap":{"0":{"type":"branch","line":1,"loc":{"start":{"line":1,"column":552},"end":{"line":33,"column":1}},"locations":[{"start":{"line":1,"column":552},"end":{"line":33,"column":1}}]}},"b":{"0":[0]},"fnMap":{"0":{"name":"(empty-report)","decl":{"start":{"line":1,"column":552},"end":{"line":33,"column":1}},"loc":{"start":{"line":1,"column":552},"end":{"line":33,"column":1}},"line":1}},"f":{"0":0}},"/home/runner/work/task-app-gh/task-app-gh/src/core/application/shared/interfaces/ITodoService.ts":{"path":"/home/runner/work/task-app-gh/task-app-gh/src/core/application/shared/interfaces/ITodoService.ts","all":true,"statementMap":{"32":{"start":{"line":33,"column":0},"end":{"line":33,"column":48}}},"s":{"32":0},"branchMap":{"0":{"type":"branch","line":1,"loc":{"start":{"line":1,"column":1157},"end":{"line":34,"column":79}},"locations":[{"start":{"line":1,"column":1157},"end":{"line":34,"column":79}}]}},"b":{"0":[1]},"fnMap":{"0":{"name":"(empty-report)","decl":{"start":{"line":1,"column":1157},"end":{"line":34,"column":79}},"loc":{"start":{"line":1,"column":1157},"end":{"line":34,"column":79}},"line":1}},"f":{"0":1}},"/home/runner/work/task-app-gh/task-app-gh/src/presentation/features/todo/view-models/interfaces/TodoViewModels.ts":{"path":"/home/runner/work/task-app-gh/task-app-gh/src/presentation/features/todo/view-models/interfaces/TodoViewModels.ts","all":true,"statementMap":{},"s":{},"branchMap":{"0":{"type":"branch","line":1,"loc":{"start":{"line":1,"column":1784},"end":{"line":74,"column":1}},"locations":[{"start":{"line":1,"column":1784},"end":{"line":74,"column":1}}]}},"b":{"0":[1]},"fnMap":{"0":{"name":"(empty-report)","decl":{"start":{"line":1,"column":1784},"end":{"line":74,"column":1}},"loc":{"start":{"line":1,"column":1784},"end":{"line":74,"column":1}},"line":1}},"f":{"0":1}},"/home/runner/work/task-app-gh/task-app-gh/src/core/application/todo/use-cases/queries/index.ts":{"path":"/home/runner/work/task-app-gh/task-app-gh/src/core/application/todo/use-cases/queries/index.ts","all":true,"statementMap":{"0":{"start":{"line":1,"column":0},"end":{"line":1,"column":26}},"1":{"start":{"line":2,"column":0},"end":{"line":2,"column":36}}},"s":{"0":0,"1":0},"branchMap":{"0":{"type":"branch","line":1,"loc":{"start":{"line":1,"column":27},"end":{"line":2,"column":36}},"locations":[{"start":{"line":1,"column":27},"end":{"line":2,"column":36}}]}},"b":{"0":[0]},"fnMap":{"0":{"name":"(empty-report)","decl":{"start":{"line":1,"column":27},"end":{"line":2,"column":36}},"loc":{"start":{"line":1,"column":27},"end":{"line":2,"column":36}},"line":1}},"f":{"0":0}},"/home/runner/work/task-app-gh/task-app-gh/src/core/application/todo/use-cases/commands/index.ts":{"path":"/home/runner/work/task-app-gh/task-app-gh/src/core/application/todo/use-cases/commands/index.ts","all":true,"statementMap":{"0":{"start":{"line":1,"column":0},"end":{"line":1,"column":28}},"1":{"start":{"line":2,"column":0},"end":{"line":2,"column":36}},"2":{"start":{"line":3,"column":0},"end":{"line":3,"column":36}},"3":{"start":{"line":4,"column":0},"end":{"line":4,"column":36}},"4":{"start":{"line":5,"column":0},"end":{"line":5,"column":36}}},"s":{"0":0,"1":0,"2":0,"3":0,"4":0},"branchMap":{"0":{"type":"branch","line":1,"loc":{"start":{"line":1,"column":29},"end":{"line":5,"column":-38}},"locations":[{"start":{"line":1,"column":29},"end":{"line":5,"column":-38}}]}},"b":{"0":[0]},"fnMap":{"0":{"name":"(empty-report)","decl":{"start":{"line":1,"column":29},"end":{"line":5,"column":-38}},"loc":{"start":{"line":1,"column":29},"end":{"line":5,"column":-38}},"line":1}},"f":{"0":0}}}}
[34m % [39m[2mCoverage report from [22m[33mv8[39m
-------------------|---------|----------|---------|---------|-------------------
File               | % Stmts | % Branch | % Funcs | % Lines | Uncovered Line #s 
-------------------|---------|----------|---------|---------|-------------------
All files          |   16.26 |    34.14 |   11.86 |   16.26 |                   
 src               |       0 |        0 |       0 |       0 |                   
  App.tsx          |       0 |        0 |       0 |       0 | 1-8               
  main.tsx         |       0 |        0 |       0 |       0 | 1-13              
 src/core          |       0 |        0 |       0 |       0 |                   
  index.ts         |       0 |        0 |       0 |       0 | 1-4               
 ...re/application |       0 |        0 |       0 |       0 |                   
  index.ts         |       0 |        0 |       0 |       0 | 1-3               
 ...red/interfaces |       0 |      100 |     100 |       0 |                   
  ITodoService.ts  |       0 |      100 |     100 |       0 | 33                
 ...plication/todo |       0 |        0 |       0 |       0 |                   
  index.ts         |       0 |        0 |       0 |       0 | 1-7               
 ...ation/todo/dto |       0 |        0 |       0 |       0 |                   
  TodoCommands.ts  |       0 |        0 |       0 |       0 | 1-30              
  TodoDto.ts       |       0 |        0 |       0 |       0 | 1                 
  TodoQueries.ts   |       0 |        0 |       0 |       0 | 1-29              
 ...n/todo/mappers |       0 |        0 |       0 |       0 |                   
  TodoMapper.ts    |       0 |        0 |       0 |       0 | 1-40              
 .../todo/services |   25.97 |      100 |       0 |   25.97 |                   
  ...andService.ts |      25 |      100 |       0 |      25 | ...43,46-48,51-53 
  ...eryService.ts |   26.82 |      100 |       0 |   26.82 | ...47,50-55,58-66 
 ...cases/commands |   19.84 |        0 |       0 |   19.84 |                   
  ...odoUseCase.ts |   24.24 |      100 |       0 |   24.24 | 15-16,19-47       
  ...odoUseCase.ts |   28.57 |      100 |       0 |   28.57 | 13-14,17-31       
  ...odoUseCase.ts |   21.42 |      100 |       0 |   21.42 | 15-17,20-41       
  ...odoUseCase.ts |   13.63 |      100 |       0 |   13.63 | 14-15,18-61       
  index.ts         |       0 |        0 |       0 |       0 | 1-5               
 ...-cases/queries |   25.31 |        0 |       0 |   25.31 |                   
  ...ryHandlers.ts |   25.97 |      100 |       0 |   25.97 | ...12-113,116-118 
  index.ts         |       0 |        0 |       0 |       0 | 1-2               
 src/core/domain   |       0 |        0 |       0 |       0 |                   
  index.ts         |       0 |        0 |       0 |       0 | 1-5               
 .../domain/shared |       0 |        0 |       0 |       0 |                   
  index.ts         |       0 |        0 |       0 |       0 | 1-4               
 ...in/shared/base |       0 |        0 |       0 |       0 |                   
  Entity.ts        |       0 |        0 |       0 |       0 | 1-46              
  ValueObject.ts   |       0 |        0 |       0 |       0 | 1-27              
 ...specifications |       0 |        0 |       0 |       0 |                   
  Specification.ts |       0 |        0 |       0 |       0 | 1-52              
 ...re/domain/todo |       0 |        0 |       0 |       0 |                   
  index.ts         |       0 |        0 |       0 |       0 | 1-10              
 .../todo/entities |   36.29 |      100 |       0 |   36.29 |                   
  Todo.ts          |   36.29 |      100 |       0 |   36.29 | ...50-154,160-167 
 ...in/todo/events |       0 |        0 |       0 |       0 |                   
  TodoEvents.ts    |       0 |        0 |       0 |       0 | 1-49              
 ...odo/exceptions |   63.33 |      100 |       0 |   63.33 |                   
  ...Exceptions.ts |   63.33 |      100 |       0 |   63.33 | ...23,28-29,34-35 
 ...o/repositories |       0 |        0 |       0 |       0 |                   
  ...Repository.ts |       0 |        0 |       0 |       0 |                   
 .../todo/services |   36.36 |      100 |       0 |   36.36 |                   
  ...ainService.ts |   36.36 |      100 |       0 |   36.36 | ...35,41-46,52-64 
 ...specifications |   49.31 |      100 |       0 |   49.31 |                   
  ...ifications.ts |   49.31 |      100 |       0 |   49.31 | ...,92-99,104-105 
 .../value-objects |   72.46 |    95.65 |   57.69 |   72.46 |                   
  TodoId.ts        |    97.5 |    95.65 |     100 |    97.5 | 77-78             
  TodoPriority.ts  |   39.28 |      100 |       0 |   39.28 | ...28,31-32,35-36 
  TodoTitle.ts     |   36.66 |      100 |       0 |   36.66 | ...31,34-35,38-39 
 ...infrastructure |       0 |        0 |       0 |       0 |                   
  index.ts         |       0 |        0 |       0 |       0 | 1-4               
 ...rastructure/di |   93.84 |       50 |     100 |   93.84 |                   
  container.ts     |   91.11 |       50 |     100 |   91.11 | 28-31             
  tokens.ts        |     100 |      100 |     100 |     100 |                   
 ...ructure/shared |       0 |        0 |       0 |       0 |                   
  container.ts     |       0 |        0 |       0 |       0 | 1-47              
  tokens.ts        |       0 |        0 |       0 |       0 | 1-24              
 ...structure/todo |       0 |        0 |       0 |       0 |                   
  index.ts         |       0 |        0 |       0 |       0 | 1-4               
 ...do/persistence |   21.94 |      100 |    4.54 |   21.94 |                   
  ...Repository.ts |   14.18 |      100 |       0 |   14.18 | ...54-162,168-183 
  TodoDB.ts        |     100 |      100 |     100 |     100 |                   
  ...Repository.ts |    23.8 |      100 |       0 |    23.8 | ...6,82-90,96-103 
 ...ure/todo/state |       0 |       50 |      50 |       0 |                   
  TodoStore.ts     |       0 |        0 |       0 |       0 | 1-225             
  ...eInterface.ts |       0 |        0 |       0 |       0 |                   
 src/core/utils    |   66.66 |      100 |       0 |   66.66 |                   
  uuid.ts          |   66.66 |      100 |       0 |   66.66 | 8-9               
 src/lib           |       0 |        0 |       0 |       0 |                   
  utils.ts         |       0 |        0 |       0 |       0 | 1-6               
 ...ponents/common |       0 |        0 |       0 |       0 |                   
  ErrorBanner.tsx  |       0 |        0 |       0 |       0 | 1-42              
  ...rViewModel.ts |       0 |        0 |       0 |       0 | 1-26              
 ...ponents/layout |       0 |        0 |       0 |       0 |                   
  MainLayout.tsx   |       0 |        0 |       0 |       0 | 1-25              
 .../components/ui |       0 |        0 |       0 |       0 |                   
  alert.tsx        |       0 |        0 |       0 |       0 | 1-64              
  ...e-variants.ts |       0 |        0 |       0 |       0 | 1-21              
  badge.tsx        |       0 |        0 |       0 |       0 | 1-24              
  ...n-variants.ts |       0 |        0 |       0 |       0 | 1-31              
  button.tsx       |       0 |        0 |       0 |       0 | 1-27              
  card.tsx         |       0 |        0 |       0 |       0 | 1-82              
  checkbox.tsx     |       0 |        0 |       0 |       0 | 1-28              
  form-hooks.ts    |       0 |        0 |       0 |       0 | 1-44              
  form.tsx         |       0 |        0 |       0 |       0 | 1-112             
  input.tsx        |       0 |        0 |       0 |       0 | 1-19              
  label.tsx        |       0 |        0 |       0 |       0 | 1-22              
  separator.tsx    |       0 |        0 |       0 |       0 | 1-24              
  tabs.tsx         |       0 |        0 |       0 |       0 | 1-62              
 .../features/todo |       0 |        0 |       0 |       0 |                   
  index.ts         |       0 |        0 |       0 |       0 | 1-15              
 ...odo/components |       0 |        0 |       0 |       0 |                   
  TodoForm.tsx     |       0 |        0 |       0 |       0 | 1-61              
  TodoItem.tsx     |       0 |        0 |       0 |       0 | 1-109             
  TodoList.tsx     |       0 |        0 |       0 |       0 | 1-43              
  TodoStats.tsx    |       0 |        0 |       0 |       0 | 1-53              
 ...res/todo/pages |       0 |        0 |       0 |       0 |                   
  TodoPage.tsx     |       0 |        0 |       0 |       0 | 1-26              
 ...do/view-models |       0 |        0 |       0 |       0 |                   
  ...mViewModel.ts |       0 |        0 |       0 |       0 | 1-68              
  ...mViewModel.ts |       0 |        0 |       0 |       0 | 1-130             
  ...tViewModel.ts |       0 |        0 |       0 |       0 | 1-32              
  ...sViewModel.ts |       0 |        0 |       0 |       0 | 1-57              
  ...oViewModel.ts |       0 |        0 |       0 |       0 | 1-26              
 ...els/interfaces |       0 |        0 |       0 |       0 |                   
  ...ViewModels.ts |       0 |        0 |       0 |       0 |                   
 src/test          |       0 |        0 |       0 |       0 |                   
  test-helpers.ts  |       0 |        0 |       0 |       0 | 1-42              
-------------------|---------|----------|---------|---------|-------------------
